  [1m[35m (57.2ms)[0m  [1m[35mCREATE DATABASE "question_bank_development" ENCODING = 'unicode'[0m
  [1m[35m (24.6ms)[0m  [1m[35mCREATE DATABASE "question_bank_test" ENCODING = 'unicode'[0m
Started GET "/" for 127.0.0.1 at 2022-06-29 21:46:45 +0530
Processing by Rails::WelcomeController#index as HTML
  Rendering /home/itsacheckmate/.rvm/gems/ruby-3.0.0/gems/railties-7.0.3/lib/rails/templates/rails/welcome/index.html.erb
  Rendered /home/itsacheckmate/.rvm/gems/ruby-3.0.0/gems/railties-7.0.3/lib/rails/templates/rails/welcome/index.html.erb (Duration: 1.0ms | Allocations: 740)
Completed 200 OK in 9ms (Views: 3.7ms | ActiveRecord: 0.0ms | Allocations: 6933)


Started GET "/" for 127.0.0.1 at 2022-06-29 21:47:52 +0530
Processing by HomepageController#index as HTML
  Rendering layout layouts/application.html.erb
  Rendering homepage/index.html.erb within layouts/application
  Rendered homepage/index.html.erb within layouts/application (Duration: 0.3ms | Allocations: 122)
  Rendered shared/_navbar.html.erb (Duration: 1.3ms | Allocations: 148)
  Rendered layout layouts/application.html.erb (Duration: 165.1ms | Allocations: 93350)
Completed 200 OK in 167ms (Views: 166.1ms | ActiveRecord: 0.0ms | Allocations: 94425)


Started GET "/" for 127.0.0.1 at 2022-06-29 15:09:12 +0530
Processing by HomepageController#index as HTML
  Rendering layout layouts/application.html.erb
  Rendering homepage/index.html.erb within layouts/application
  Rendered homepage/index.html.erb within layouts/application (Duration: 0.1ms | Allocations: 15)
  Rendered shared/_navbar.html.erb (Duration: 0.0ms | Allocations: 13)
  Rendered layout layouts/application.html.erb (Duration: 2.8ms | Allocations: 2788)
Completed 200 OK in 4ms (Views: 3.3ms | ActiveRecord: 0.0ms | Allocations: 3091)


Started GET "/about" for 127.0.0.1 at 2022-06-29 15:09:13 +0530
  
ActionController::RoutingError (No route matches [GET] "/about"):
  
Started GET "/" for 127.0.0.1 at 2022-06-29 15:10:52 +0530
Processing by HomepageController#index as HTML
  Rendering layout layouts/application.html.erb
  Rendering homepage/index.html.erb within layouts/application
  Rendered homepage/index.html.erb within layouts/application (Duration: 0.3ms | Allocations: 120)
  Rendered shared/_navbar.html.erb (Duration: 0.3ms | Allocations: 141)
  Rendered layout layouts/application.html.erb (Duration: 3.6ms | Allocations: 3344)
Completed 200 OK in 6ms (Views: 4.9ms | ActiveRecord: 0.0ms | Allocations: 4336)


Started GET "/about" for 127.0.0.1 at 2022-06-29 15:10:54 +0530
  
ActionController::RoutingError (No route matches [GET] "/about"):
  
Started GET "/about" for 127.0.0.1 at 2022-06-29 15:12:41 +0530
  
ActionController::RoutingError (No route matches [GET] "/about"):
  
Started GET "/about" for 127.0.0.1 at 2022-06-29 15:12:42 +0530
  
ActionController::RoutingError (No route matches [GET] "/about"):
  
Started GET "/about" for 127.0.0.1 at 2022-06-29 15:12:43 +0530
  
ActionController::RoutingError (No route matches [GET] "/about"):
  
Started GET "/about" for 127.0.0.1 at 2022-06-29 15:13:02 +0530
  
ActionController::RoutingError (No route matches [GET] "/about"):
  
Started GET "/" for 127.0.0.1 at 2022-06-29 15:13:04 +0530
Processing by HomepageController#index as HTML
  Rendering layout layouts/application.html.erb
  Rendering homepage/index.html.erb within layouts/application
  Rendered homepage/index.html.erb within layouts/application (Duration: 0.3ms | Allocations: 120)
  Rendered shared/_navbar.html.erb (Duration: 0.2ms | Allocations: 142)
  Rendered layout layouts/application.html.erb (Duration: 4.8ms | Allocations: 3378)
Completed 200 OK in 6ms (Views: 6.0ms | ActiveRecord: 0.0ms | Allocations: 4326)


Started GET "/homepage/about" for 127.0.0.1 at 2022-06-29 15:13:06 +0530
  
ActionController::RoutingError (No route matches [GET] "/homepage/about"):
  
Started GET "/" for 127.0.0.1 at 2022-06-29 15:13:39 +0530
Processing by HomepageController#index as HTML
  Rendering layout layouts/application.html.erb
  Rendering homepage/index.html.erb within layouts/application
  Rendered homepage/index.html.erb within layouts/application (Duration: 0.3ms | Allocations: 120)
  Rendered shared/_navbar.html.erb (Duration: 0.5ms | Allocations: 141)
  Rendered layout layouts/application.html.erb (Duration: 4.7ms | Allocations: 3373)
Completed 200 OK in 6ms (Views: 6.0ms | Allocations: 4365)


Started GET "/homepage/about" for 127.0.0.1 at 2022-06-29 15:13:40 +0530
  
ActionController::RoutingError (No route matches [GET] "/homepage/about"):
  
Started GET "/" for 127.0.0.1 at 2022-06-29 15:14:03 +0530
Processing by HomepageController#index as HTML
  Rendering layout layouts/application.html.erb
  Rendering homepage/index.html.erb within layouts/application
  Rendered homepage/index.html.erb within layouts/application (Duration: 0.1ms | Allocations: 15)
  Rendered shared/_navbar.html.erb (Duration: 0.0ms | Allocations: 13)
  Rendered layout layouts/application.html.erb (Duration: 2.2ms | Allocations: 2758)
Completed 200 OK in 3ms (Views: 2.5ms | Allocations: 3053)


Started GET "/" for 127.0.0.1 at 2022-06-29 15:14:04 +0530
Processing by HomepageController#index as HTML
  Rendering layout layouts/application.html.erb
  Rendering homepage/index.html.erb within layouts/application
  Rendered homepage/index.html.erb within layouts/application (Duration: 0.1ms | Allocations: 15)
  Rendered shared/_navbar.html.erb (Duration: 0.0ms | Allocations: 13)
  Rendered layout layouts/application.html.erb (Duration: 2.8ms | Allocations: 2762)
Completed 200 OK in 3ms (Views: 3.1ms | Allocations: 3056)


Started GET "/" for 127.0.0.1 at 2022-06-29 15:14:15 +0530
Processing by HomepageController#index as HTML
  Rendering layout layouts/application.html.erb
  Rendering homepage/index.html.erb within layouts/application
  Rendered homepage/index.html.erb within layouts/application (Duration: 0.5ms | Allocations: 121)
  Rendered shared/_navbar.html.erb (Duration: 0.3ms | Allocations: 142)
  Rendered layout layouts/application.html.erb (Duration: 4.5ms | Allocations: 3343)
Completed 200 OK in 6ms (Views: 5.5ms | Allocations: 4332)


Started GET "/about" for 127.0.0.1 at 2022-06-29 15:14:16 +0530
  
ActionController::RoutingError (No route matches [GET] "/about"):
  
Started GET "/" for 127.0.0.1 at 2022-06-29 15:15:17 +0530
Processing by HomepageController#index as HTML
  Rendering layout layouts/application.html.erb
  Rendering homepage/index.html.erb within layouts/application
  Rendered homepage/index.html.erb within layouts/application (Duration: 0.3ms | Allocations: 120)
  Rendered shared/_navbar.html.erb (Duration: 0.3ms | Allocations: 141)
  Rendered layout layouts/application.html.erb (Duration: 3.1ms | Allocations: 3346)
Completed 200 OK in 4ms (Views: 4.1ms | Allocations: 4336)


Started GET "/homepage/about" for 127.0.0.1 at 2022-06-29 15:15:19 +0530
  
ActionController::RoutingError (No route matches [GET] "/homepage/about"):
  
Started GET "/homepage/about" for 127.0.0.1 at 2022-06-29 15:15:40 +0530
  
ActionController::RoutingError (No route matches [GET] "/homepage/about"):
  
Started GET "/homepage/about" for 127.0.0.1 at 2022-06-29 15:15:41 +0530
  
ActionController::RoutingError (No route matches [GET] "/homepage/about"):
  
Started GET "/homepage/about" for 127.0.0.1 at 2022-06-29 15:15:41 +0530
  
ActionController::RoutingError (No route matches [GET] "/homepage/about"):
  
Started GET "/homepage/about" for 127.0.0.1 at 2022-06-29 15:15:42 +0530
  
ActionController::RoutingError (No route matches [GET] "/homepage/about"):
  
Started GET "/about" for 127.0.0.1 at 2022-06-29 15:15:46 +0530
  
ActionController::RoutingError (No route matches [GET] "/about"):
  
Started GET "/" for 127.0.0.1 at 2022-06-29 15:16:09 +0530
Processing by HomepageController#index as HTML
  Rendering layout layouts/application.html.erb
  Rendering homepage/index.html.erb within layouts/application
  Rendered homepage/index.html.erb within layouts/application (Duration: 0.4ms | Allocations: 120)
  Rendered shared/_navbar.html.erb (Duration: 0.4ms | Allocations: 142)
  Rendered layout layouts/application.html.erb (Duration: 5.1ms | Allocations: 3378)
Completed 200 OK in 7ms (Views: 6.6ms | Allocations: 4324)


Started GET "/" for 127.0.0.1 at 2022-06-29 15:16:09 +0530
Processing by HomepageController#index as HTML
  Rendering layout layouts/application.html.erb
  Rendering homepage/index.html.erb within layouts/application
  Rendered homepage/index.html.erb within layouts/application (Duration: 0.0ms | Allocations: 15)
  Rendered shared/_navbar.html.erb (Duration: 0.0ms | Allocations: 13)
  Rendered layout layouts/application.html.erb (Duration: 2.9ms | Allocations: 2778)
Completed 200 OK in 4ms (Views: 3.3ms | Allocations: 3073)


Started GET "/" for 127.0.0.1 at 2022-06-29 15:16:10 +0530
Processing by HomepageController#index as HTML
  Rendering layout layouts/application.html.erb
  Rendering homepage/index.html.erb within layouts/application
  Rendered homepage/index.html.erb within layouts/application (Duration: 0.0ms | Allocations: 15)
  Rendered shared/_navbar.html.erb (Duration: 0.0ms | Allocations: 13)
  Rendered layout layouts/application.html.erb (Duration: 2.4ms | Allocations: 2760)
Completed 200 OK in 3ms (Views: 2.7ms | Allocations: 3054)


Started GET "/" for 127.0.0.1 at 2022-06-29 15:16:10 +0530
Processing by HomepageController#index as HTML
  Rendering layout layouts/application.html.erb
  Rendering homepage/index.html.erb within layouts/application
  Rendered homepage/index.html.erb within layouts/application (Duration: 0.0ms | Allocations: 15)
  Rendered shared/_navbar.html.erb (Duration: 0.0ms | Allocations: 13)
  Rendered layout layouts/application.html.erb (Duration: 3.1ms | Allocations: 2762)
Completed 200 OK in 4ms (Views: 3.4ms | Allocations: 3056)


Started GET "/" for 127.0.0.1 at 2022-06-29 15:16:10 +0530
Processing by HomepageController#index as HTML
  Rendering layout layouts/application.html.erb
  Rendering homepage/index.html.erb within layouts/application
  Rendered homepage/index.html.erb within layouts/application (Duration: 0.0ms | Allocations: 15)
  Rendered shared/_navbar.html.erb (Duration: 0.0ms | Allocations: 13)
  Rendered layout layouts/application.html.erb (Duration: 2.6ms | Allocations: 2776)
Completed 200 OK in 3ms (Views: 2.9ms | Allocations: 3070)


Started GET "/" for 127.0.0.1 at 2022-06-29 15:16:10 +0530
Processing by HomepageController#index as HTML
  Rendering layout layouts/application.html.erb
  Rendering homepage/index.html.erb within layouts/application
  Rendered homepage/index.html.erb within layouts/application (Duration: 0.0ms | Allocations: 15)
  Rendered shared/_navbar.html.erb (Duration: 0.0ms | Allocations: 13)
  Rendered layout layouts/application.html.erb (Duration: 2.4ms | Allocations: 2764)
Completed 200 OK in 3ms (Views: 2.7ms | Allocations: 3058)


Started GET "/" for 127.0.0.1 at 2022-06-29 15:16:11 +0530
Processing by HomepageController#index as HTML
  Rendering layout layouts/application.html.erb
  Rendering homepage/index.html.erb within layouts/application
  Rendered homepage/index.html.erb within layouts/application (Duration: 0.0ms | Allocations: 15)
  Rendered shared/_navbar.html.erb (Duration: 0.0ms | Allocations: 13)
  Rendered layout layouts/application.html.erb (Duration: 2.1ms | Allocations: 2756)
Completed 200 OK in 3ms (Views: 2.7ms | Allocations: 3050)


Started GET "/" for 127.0.0.1 at 2022-06-29 15:16:11 +0530
Processing by HomepageController#index as HTML
  Rendering layout layouts/application.html.erb
  Rendering homepage/index.html.erb within layouts/application
  Rendered homepage/index.html.erb within layouts/application (Duration: 0.0ms | Allocations: 15)
  Rendered shared/_navbar.html.erb (Duration: 0.1ms | Allocations: 13)
  Rendered layout layouts/application.html.erb (Duration: 2.3ms | Allocations: 2764)
Completed 200 OK in 3ms (Views: 2.7ms | Allocations: 3058)


Started GET "/" for 127.0.0.1 at 2022-06-29 15:16:11 +0530
Processing by HomepageController#index as HTML
  Rendering layout layouts/application.html.erb
  Rendering homepage/index.html.erb within layouts/application
  Rendered homepage/index.html.erb within layouts/application (Duration: 0.0ms | Allocations: 15)
  Rendered shared/_navbar.html.erb (Duration: 0.0ms | Allocations: 13)
  Rendered layout layouts/application.html.erb (Duration: 2.4ms | Allocations: 2768)
Completed 200 OK in 3ms (Views: 2.8ms | Allocations: 3062)


Started GET "/" for 127.0.0.1 at 2022-06-29 15:16:11 +0530
Processing by HomepageController#index as HTML
  Rendering layout layouts/application.html.erb
  Rendering homepage/index.html.erb within layouts/application
  Rendered homepage/index.html.erb within layouts/application (Duration: 0.0ms | Allocations: 15)
  Rendered shared/_navbar.html.erb (Duration: 0.0ms | Allocations: 13)
  Rendered layout layouts/application.html.erb (Duration: 2.6ms | Allocations: 2756)
Completed 200 OK in 3ms (Views: 2.9ms | Allocations: 3050)


Started GET "/" for 127.0.0.1 at 2022-06-29 15:16:12 +0530
Processing by HomepageController#index as HTML
  Rendering layout layouts/application.html.erb
  Rendering homepage/index.html.erb within layouts/application
  Rendered homepage/index.html.erb within layouts/application (Duration: 0.1ms | Allocations: 15)
  Rendered shared/_navbar.html.erb (Duration: 0.0ms | Allocations: 13)
  Rendered layout layouts/application.html.erb (Duration: 3.1ms | Allocations: 2770)
Completed 200 OK in 4ms (Views: 3.9ms | Allocations: 3064)


Started GET "/" for 127.0.0.1 at 2022-06-29 15:16:13 +0530
Processing by HomepageController#index as HTML
  Rendering layout layouts/application.html.erb
  Rendering homepage/index.html.erb within layouts/application
  Rendered homepage/index.html.erb within layouts/application (Duration: 0.0ms | Allocations: 15)
  Rendered shared/_navbar.html.erb (Duration: 0.0ms | Allocations: 13)
  Rendered layout layouts/application.html.erb (Duration: 2.3ms | Allocations: 2766)
Completed 200 OK in 3ms (Views: 2.6ms | Allocations: 3060)


Started GET "/" for 127.0.0.1 at 2022-06-29 15:16:14 +0530
Processing by HomepageController#index as HTML
  Rendering layout layouts/application.html.erb
  Rendering homepage/index.html.erb within layouts/application
  Rendered homepage/index.html.erb within layouts/application (Duration: 0.1ms | Allocations: 15)
  Rendered shared/_navbar.html.erb (Duration: 0.0ms | Allocations: 13)
  Rendered layout layouts/application.html.erb (Duration: 2.5ms | Allocations: 2772)
Completed 200 OK in 3ms (Views: 3.0ms | Allocations: 3066)


Started GET "/" for 127.0.0.1 at 2022-06-29 15:16:18 +0530
Processing by HomepageController#index as HTML
  Rendering layout layouts/application.html.erb
  Rendering homepage/index.html.erb within layouts/application
  Rendered homepage/index.html.erb within layouts/application (Duration: 0.0ms | Allocations: 15)
  Rendered shared/_navbar.html.erb (Duration: 0.1ms | Allocations: 13)
  Rendered layout layouts/application.html.erb (Duration: 3.4ms | Allocations: 2802)
Completed 200 OK in 6ms (Views: 3.8ms | Allocations: 3098)


Started GET "/" for 127.0.0.1 at 2022-06-29 15:16:18 +0530
Processing by HomepageController#index as HTML
  Rendering layout layouts/application.html.erb
  Rendering homepage/index.html.erb within layouts/application
  Rendered homepage/index.html.erb within layouts/application (Duration: 0.1ms | Allocations: 15)
  Rendered shared/_navbar.html.erb (Duration: 0.0ms | Allocations: 13)
  Rendered layout layouts/application.html.erb (Duration: 2.4ms | Allocations: 2762)
Completed 200 OK in 3ms (Views: 2.7ms | Allocations: 3056)


Started GET "/" for 127.0.0.1 at 2022-06-29 15:16:19 +0530
Processing by HomepageController#index as HTML
  Rendering layout layouts/application.html.erb
  Rendering homepage/index.html.erb within layouts/application
  Rendered homepage/index.html.erb within layouts/application (Duration: 0.0ms | Allocations: 15)
  Rendered shared/_navbar.html.erb (Duration: 0.0ms | Allocations: 13)
  Rendered layout layouts/application.html.erb (Duration: 2.1ms | Allocations: 2768)
Completed 200 OK in 3ms (Views: 2.3ms | Allocations: 3062)


Started GET "/" for 127.0.0.1 at 2022-06-29 15:16:19 +0530
Processing by HomepageController#index as HTML
  Rendering layout layouts/application.html.erb
  Rendering homepage/index.html.erb within layouts/application
  Rendered homepage/index.html.erb within layouts/application (Duration: 0.0ms | Allocations: 15)
  Rendered shared/_navbar.html.erb (Duration: 0.0ms | Allocations: 13)
  Rendered layout layouts/application.html.erb (Duration: 2.3ms | Allocations: 2760)
Completed 200 OK in 3ms (Views: 2.6ms | Allocations: 3054)


Started GET "/" for 127.0.0.1 at 2022-06-29 15:16:19 +0530
Processing by HomepageController#index as HTML
  Rendering layout layouts/application.html.erb
  Rendering homepage/index.html.erb within layouts/application
  Rendered homepage/index.html.erb within layouts/application (Duration: 0.0ms | Allocations: 15)
  Rendered shared/_navbar.html.erb (Duration: 0.0ms | Allocations: 13)
  Rendered layout layouts/application.html.erb (Duration: 2.7ms | Allocations: 2768)
Completed 200 OK in 3ms (Views: 2.9ms | Allocations: 3063)


Started GET "/" for 127.0.0.1 at 2022-06-29 15:16:54 +0530
Processing by HomepageController#index as HTML
  Rendering layout layouts/application.html.erb
  Rendering homepage/index.html.erb within layouts/application
  Rendered homepage/index.html.erb within layouts/application (Duration: 0.0ms | Allocations: 15)
  Rendered shared/_navbar.html.erb (Duration: 0.0ms | Allocations: 13)
  Rendered layout layouts/application.html.erb (Duration: 2.0ms | Allocations: 2768)
Completed 200 OK in 2ms (Views: 2.3ms | Allocations: 3062)


Started GET "/" for 127.0.0.1 at 2022-06-29 15:16:55 +0530
Processing by HomepageController#index as HTML
  Rendering layout layouts/application.html.erb
  Rendering homepage/index.html.erb within layouts/application
  Rendered homepage/index.html.erb within layouts/application (Duration: 0.0ms | Allocations: 15)
  Rendered shared/_navbar.html.erb (Duration: 0.0ms | Allocations: 13)
  Rendered layout layouts/application.html.erb (Duration: 2.6ms | Allocations: 2776)
Completed 200 OK in 3ms (Views: 3.0ms | Allocations: 3070)


Started GET "/" for 127.0.0.1 at 2022-06-29 15:17:04 +0530
Processing by HomepageController#about as HTML
  Rendering layout layouts/application.html.erb
  Rendering homepage/about.html.erb within layouts/application
  Rendered homepage/about.html.erb within layouts/application (Duration: 0.4ms | Allocations: 367)
  Rendered shared/_navbar.html.erb (Duration: 0.3ms | Allocations: 146)
  Rendered layout layouts/application.html.erb (Duration: 20.8ms | Allocations: 22604)
Completed 200 OK in 25ms (Views: 22.2ms | ActiveRecord: 0.0ms | Allocations: 27797)


Started GET "/" for 127.0.0.1 at 2022-06-29 15:17:15 +0530
Processing by HomepageController#index as HTML
  Rendering layout layouts/application.html.erb
  Rendering homepage/index.html.erb within layouts/application
  Rendered homepage/index.html.erb within layouts/application (Duration: 0.4ms | Allocations: 120)
  Rendered shared/_navbar.html.erb (Duration: 0.0ms | Allocations: 14)
  Rendered layout layouts/application.html.erb (Duration: 2.8ms | Allocations: 2930)
Completed 200 OK in 4ms (Views: 3.7ms | ActiveRecord: 0.0ms | Allocations: 3731)


Started GET "/homepage/about" for 127.0.0.1 at 2022-06-29 15:17:17 +0530
Processing by HomepageController#about as HTML
  Rendering layout layouts/application.html.erb
  Rendering homepage/about.html.erb within layouts/application
  Rendered homepage/about.html.erb within layouts/application (Duration: 0.1ms | Allocations: 15)
  Rendered shared/_navbar.html.erb (Duration: 0.0ms | Allocations: 13)
  Rendered layout layouts/application.html.erb (Duration: 2.0ms | Allocations: 2759)
Completed 200 OK in 3ms (Views: 2.3ms | ActiveRecord: 0.0ms | Allocations: 3060)


Started GET "/" for 127.0.0.1 at 2022-06-29 15:17:18 +0530
Processing by HomepageController#index as HTML
  Rendering layout layouts/application.html.erb
  Rendering homepage/index.html.erb within layouts/application
  Rendered homepage/index.html.erb within layouts/application (Duration: 0.1ms | Allocations: 15)
  Rendered shared/_navbar.html.erb (Duration: 0.0ms | Allocations: 13)
  Rendered layout layouts/application.html.erb (Duration: 2.5ms | Allocations: 2761)
Completed 200 OK in 3ms (Views: 2.8ms | ActiveRecord: 0.0ms | Allocations: 3062)


Started GET "/homepage/about" for 127.0.0.1 at 2022-06-29 15:17:19 +0530
Processing by HomepageController#about as HTML
  Rendering layout layouts/application.html.erb
  Rendering homepage/about.html.erb within layouts/application
  Rendered homepage/about.html.erb within layouts/application (Duration: 0.0ms | Allocations: 15)
  Rendered shared/_navbar.html.erb (Duration: 0.0ms | Allocations: 13)
  Rendered layout layouts/application.html.erb (Duration: 2.1ms | Allocations: 2761)
Completed 200 OK in 3ms (Views: 2.4ms | ActiveRecord: 0.0ms | Allocations: 3062)


Started GET "/" for 127.0.0.1 at 2022-06-29 15:17:19 +0530
Processing by HomepageController#index as HTML
  Rendering layout layouts/application.html.erb
  Rendering homepage/index.html.erb within layouts/application
  Rendered homepage/index.html.erb within layouts/application (Duration: 0.0ms | Allocations: 15)
  Rendered shared/_navbar.html.erb (Duration: 0.1ms | Allocations: 13)
  Rendered layout layouts/application.html.erb (Duration: 2.2ms | Allocations: 2778)
Completed 200 OK in 3ms (Views: 2.6ms | ActiveRecord: 0.0ms | Allocations: 3075)


Started GET "/homepage/about" for 127.0.0.1 at 2022-06-29 15:17:20 +0530
Processing by HomepageController#about as HTML
  Rendering layout layouts/application.html.erb
  Rendering homepage/about.html.erb within layouts/application
  Rendered homepage/about.html.erb within layouts/application (Duration: 0.0ms | Allocations: 15)
  Rendered shared/_navbar.html.erb (Duration: 0.0ms | Allocations: 13)
  Rendered layout layouts/application.html.erb (Duration: 3.0ms | Allocations: 2756)
Completed 200 OK in 4ms (Views: 3.4ms | ActiveRecord: 0.0ms | Allocations: 3053)


Started GET "/" for 127.0.0.1 at 2022-06-29 15:17:20 +0530
Processing by HomepageController#index as HTML
  Rendering layout layouts/application.html.erb
  Rendering homepage/index.html.erb within layouts/application
  Rendered homepage/index.html.erb within layouts/application (Duration: 0.0ms | Allocations: 15)
  Rendered shared/_navbar.html.erb (Duration: 0.0ms | Allocations: 13)
  Rendered layout layouts/application.html.erb (Duration: 2.2ms | Allocations: 2760)
Completed 200 OK in 3ms (Views: 2.4ms | ActiveRecord: 0.0ms | Allocations: 3057)


Started GET "/" for 127.0.0.1 at 2022-06-29 15:17:21 +0530
Processing by HomepageController#index as HTML
  Rendering layout layouts/application.html.erb
  Rendering homepage/index.html.erb within layouts/application
  Rendered homepage/index.html.erb within layouts/application (Duration: 0.1ms | Allocations: 15)
  Rendered shared/_navbar.html.erb (Duration: 0.0ms | Allocations: 13)
  Rendered layout layouts/application.html.erb (Duration: 2.4ms | Allocations: 2764)
Completed 200 OK in 3ms (Views: 2.8ms | ActiveRecord: 0.0ms | Allocations: 3061)


Started GET "/" for 127.0.0.1 at 2022-06-29 15:17:22 +0530
Processing by HomepageController#index as HTML
  Rendering layout layouts/application.html.erb
  Rendering homepage/index.html.erb within layouts/application
  Rendered homepage/index.html.erb within layouts/application (Duration: 0.0ms | Allocations: 15)
  Rendered shared/_navbar.html.erb (Duration: 0.0ms | Allocations: 13)
  Rendered layout layouts/application.html.erb (Duration: 3.0ms | Allocations: 2768)
Completed 200 OK in 4ms (Views: 3.3ms | ActiveRecord: 0.0ms | Allocations: 3065)


Started GET "/" for 127.0.0.1 at 2022-06-29 15:17:22 +0530
Processing by HomepageController#index as HTML
  Rendering layout layouts/application.html.erb
  Rendering homepage/index.html.erb within layouts/application
  Rendered homepage/index.html.erb within layouts/application (Duration: 0.0ms | Allocations: 15)
  Rendered shared/_navbar.html.erb (Duration: 0.1ms | Allocations: 13)
  Rendered layout layouts/application.html.erb (Duration: 2.1ms | Allocations: 2768)
Completed 200 OK in 3ms (Views: 2.4ms | ActiveRecord: 0.0ms | Allocations: 3065)


Started GET "/" for 127.0.0.1 at 2022-06-29 15:17:22 +0530
Processing by HomepageController#index as HTML
  Rendering layout layouts/application.html.erb
  Rendering homepage/index.html.erb within layouts/application
  Rendered homepage/index.html.erb within layouts/application (Duration: 0.0ms | Allocations: 15)
  Rendered shared/_navbar.html.erb (Duration: 0.0ms | Allocations: 13)
  Rendered layout layouts/application.html.erb (Duration: 2.9ms | Allocations: 2758)
Completed 200 OK in 4ms (Views: 3.3ms | ActiveRecord: 0.0ms | Allocations: 3055)


