  [1m[35m (65.1ms)[0m  [1m[35mCREATE DATABASE "avatar_development" ENCODING = 'unicode'[0m
  ↳ bin/rails:4
  [1m[35m (25.9ms)[0m  [1m[35mCREATE DATABASE "avatar_test" ENCODING = 'unicode'[0m
  ↳ bin/rails:4
  [1m[35m (6.4ms)[0m  [1m[35mCREATE TABLE "schema_migrations" ("version" character varying NOT NULL PRIMARY KEY)[0m
  ↳ bin/rails:4
  [1m[35m (2.2ms)[0m  [1m[35mCREATE TABLE "ar_internal_metadata" ("key" character varying NOT NULL PRIMARY KEY, "value" character varying, "created_at" timestamp NOT NULL, "updated_at" timestamp NOT NULL)[0m
  ↳ bin/rails:4
  [1m[35m (0.1ms)[0m  [1m[34mSELECT pg_try_advisory_lock(5299000472553465825)[0m
  ↳ bin/rails:4
  [1m[35m (0.2ms)[0m  [1m[34mSELECT "schema_migrations"."version" FROM "schema_migrations" ORDER BY "schema_migrations"."version" ASC[0m
  ↳ bin/rails:4
Migrating to CreateUsers (20220713101540)
  [1m[35m (0.0ms)[0m  [1m[35mBEGIN[0m
  ↳ bin/rails:4
  [1m[35m (3.3ms)[0m  [1m[35mCREATE TABLE "users" ("id" bigserial primary key, "name" character varying, "gender" character varying, "avatar" character varying, "address" character varying, "created_at" timestamp NOT NULL, "updated_at" timestamp NOT NULL)[0m
  ↳ db/migrate/20220713101540_create_users.rb:3
  [1m[36mActiveRecord::SchemaMigration Create (0.5ms)[0m  [1m[32mINSERT INTO "schema_migrations" ("version") VALUES ($1) RETURNING "version"[0m  [["version", "20220713101540"]]
  ↳ bin/rails:4
  [1m[35m (0.4ms)[0m  [1m[35mCOMMIT[0m
  ↳ bin/rails:4
  [1m[36mActiveRecord::InternalMetadata Load (0.1ms)[0m  [1m[34mSELECT  "ar_internal_metadata".* FROM "ar_internal_metadata" WHERE "ar_internal_metadata"."key" = $1 LIMIT $2[0m  [["key", "environment"], ["LIMIT", 1]]
  ↳ bin/rails:4
  [1m[35m (0.1ms)[0m  [1m[35mBEGIN[0m
  ↳ bin/rails:4
  [1m[36mActiveRecord::InternalMetadata Create (0.2ms)[0m  [1m[32mINSERT INTO "ar_internal_metadata" ("key", "value", "created_at", "updated_at") VALUES ($1, $2, $3, $4) RETURNING "key"[0m  [["key", "environment"], ["value", "development"], ["created_at", "2022-07-13 12:38:56.914914"], ["updated_at", "2022-07-13 12:38:56.914914"]]
  ↳ bin/rails:4
  [1m[35m (0.3ms)[0m  [1m[35mCOMMIT[0m
  ↳ bin/rails:4
  [1m[35m (0.1ms)[0m  [1m[34mSELECT pg_advisory_unlock(5299000472553465825)[0m
  ↳ bin/rails:4
  [1m[35m (0.1ms)[0m  [1m[34mSELECT "schema_migrations"."version" FROM "schema_migrations" ORDER BY "schema_migrations"."version" ASC[0m
  ↳ bin/rails:4
  [1m[35m (0.1ms)[0m  [1m[34mSELECT pg_try_advisory_lock(5299000472553465825)[0m
  ↳ /home/itsacheckmate/.rvm/gems/ruby-2.7.0/bin/rake:23
  [1m[35m (0.2ms)[0m  [1m[34mSELECT "schema_migrations"."version" FROM "schema_migrations" ORDER BY "schema_migrations"."version" ASC[0m
  ↳ /home/itsacheckmate/.rvm/gems/ruby-2.7.0/bin/rake:23
  [1m[36mActiveRecord::InternalMetadata Load (0.1ms)[0m  [1m[34mSELECT  "ar_internal_metadata".* FROM "ar_internal_metadata" WHERE "ar_internal_metadata"."key" = $1 LIMIT $2[0m  [["key", "environment"], ["LIMIT", 1]]
  ↳ /home/itsacheckmate/.rvm/gems/ruby-2.7.0/bin/rake:23
  [1m[35m (0.1ms)[0m  [1m[35mBEGIN[0m
  ↳ /home/itsacheckmate/.rvm/gems/ruby-2.7.0/bin/rake:23
  [1m[35m (0.0ms)[0m  [1m[35mCOMMIT[0m
  ↳ /home/itsacheckmate/.rvm/gems/ruby-2.7.0/bin/rake:23
  [1m[35m (0.1ms)[0m  [1m[34mSELECT pg_advisory_unlock(5299000472553465825)[0m
  ↳ /home/itsacheckmate/.rvm/gems/ruby-2.7.0/bin/rake:23
  [1m[35m (0.1ms)[0m  [1m[34mSELECT "schema_migrations"."version" FROM "schema_migrations" ORDER BY "schema_migrations"."version" ASC[0m
  ↳ /home/itsacheckmate/.rvm/gems/ruby-2.7.0/bin/rake:23
Started GET "/" for ::1 at 2022-07-13 16:25:01 +0530
  [1m[35m (0.3ms)[0m  [1m[34mSELECT "schema_migrations"."version" FROM "schema_migrations" ORDER BY "schema_migrations"."version" ASC[0m
  ↳ /home/itsacheckmate/.rvm/gems/ruby-2.7.0/gems/activerecord-5.2.8.1/lib/active_record/log_subscriber.rb:98
Processing by Rails::WelcomeController#index as HTML
  Rendering /home/itsacheckmate/.rvm/gems/ruby-2.7.0/gems/railties-5.2.8.1/lib/rails/templates/rails/welcome/index.html.erb
  Rendered /home/itsacheckmate/.rvm/gems/ruby-2.7.0/gems/railties-5.2.8.1/lib/rails/templates/rails/welcome/index.html.erb (1.5ms)
Completed 200 OK in 6ms (Views: 3.5ms | ActiveRecord: 0.0ms)


Started GET "/" for ::1 at 2022-07-13 16:28:42 +0530
Processing by UsersController#index as HTML
  Rendering users/index.html.erb within layouts/application
  Rendered users/index.html.erb within layouts/application (0.2ms)
Completed 200 OK in 190ms (Views: 189.8ms | ActiveRecord: 0.0ms)


Started GET "/" for ::1 at 2022-07-13 16:50:53 +0530
Processing by UsersController#index as HTML
Completed 500 Internal Server Error in 67ms (ActiveRecord: 0.0ms)


  
NameError (undefined local variable or method `id' for #<UsersController:0x00007f5d89dcf968>):
  
app/controllers/users_controller.rb:3:in `index'
Started GET "/" for ::1 at 2022-07-13 16:51:27 +0530
Processing by UsersController#index as HTML
  Rendering users/index.html.erb within layouts/application
  Rendered users/index.html.erb within layouts/application (0.5ms)
Completed 500 Internal Server Error in 3ms (ActiveRecord: 0.0ms)


  
SyntaxError (/home/itsacheckmate/Training/Rails/avatar/app/views/users/index.html.erb:8: syntax error, unexpected ')', expecting `then' or ';' or '\n'
....append=( if @users.count > 0 );@output_buffer.safe_append='
...                              ^
/home/itsacheckmate/Training/Rails/avatar/app/views/users/index.html.erb:39: syntax error, unexpected `else', expecting ')'
'.freeze;   else 
            ^~~~
/home/itsacheckmate/Training/Rails/avatar/app/views/users/index.html.erb:41: syntax error, unexpected `end', expecting ')'
'.freeze;   end 
            ^~~
/home/itsacheckmate/Training/Rails/avatar/app/views/users/index.html.erb:44: syntax error, unexpected `ensure', expecting ')'
          ensure
          ^~~~~~
/home/itsacheckmate/Training/Rails/avatar/app/views/users/index.html.erb:46: syntax error, unexpected `end', expecting ')'
          end
          ^~~
):
  
app/views/users/index.html.erb:8: syntax error, unexpected ')', expecting `then' or ';' or '\n'
app/views/users/index.html.erb:39: syntax error, unexpected `else', expecting ')'
app/views/users/index.html.erb:41: syntax error, unexpected `end', expecting ')'
app/views/users/index.html.erb:44: syntax error, unexpected `ensure', expecting ')'
app/views/users/index.html.erb:46: syntax error, unexpected `end', expecting ')'
Started GET "/" for ::1 at 2022-07-13 16:51:51 +0530
Processing by UsersController#index as HTML
  Rendering users/index.html.erb within layouts/application
  Rendered users/index.html.erb within layouts/application (0.7ms)
Completed 500 Internal Server Error in 2ms (ActiveRecord: 0.0ms)


  
SyntaxError (/home/itsacheckmate/Training/Rails/avatar/app/views/users/index.html.erb:8: syntax error, unexpected ')', expecting `then' or ';' or '\n'
...er.append=( if !@users.blank? );@output_buffer.safe_append='
...                              ^
/home/itsacheckmate/Training/Rails/avatar/app/views/users/index.html.erb:39: syntax error, unexpected `else', expecting ')'
'.freeze;   else 
            ^~~~
/home/itsacheckmate/Training/Rails/avatar/app/views/users/index.html.erb:41: syntax error, unexpected `end', expecting ')'
'.freeze;   end 
            ^~~
/home/itsacheckmate/Training/Rails/avatar/app/views/users/index.html.erb:44: syntax error, unexpected `ensure', expecting ')'
          ensure
          ^~~~~~
/home/itsacheckmate/Training/Rails/avatar/app/views/users/index.html.erb:46: syntax error, unexpected `end', expecting ')'
          end
          ^~~
):
  
app/views/users/index.html.erb:8: syntax error, unexpected ')', expecting `then' or ';' or '\n'
app/views/users/index.html.erb:39: syntax error, unexpected `else', expecting ')'
app/views/users/index.html.erb:41: syntax error, unexpected `end', expecting ')'
app/views/users/index.html.erb:44: syntax error, unexpected `ensure', expecting ')'
app/views/users/index.html.erb:46: syntax error, unexpected `end', expecting ')'
Started GET "/" for ::1 at 2022-07-13 16:52:17 +0530
Processing by UsersController#index as HTML
  Rendering users/index.html.erb within layouts/application
  Rendered users/index.html.erb within layouts/application (0.5ms)
Completed 500 Internal Server Error in 2ms (ActiveRecord: 0.0ms)


  
SyntaxError (/home/itsacheckmate/Training/Rails/avatar/app/views/users/index.html.erb:8: syntax error, unexpected ')', expecting `then' or ';' or '\n'
....append=( if !(@users.blank?) );@output_buffer.safe_append='
...                              ^
/home/itsacheckmate/Training/Rails/avatar/app/views/users/index.html.erb:39: syntax error, unexpected `else', expecting ')'
'.freeze;   else 
            ^~~~
/home/itsacheckmate/Training/Rails/avatar/app/views/users/index.html.erb:41: syntax error, unexpected `end', expecting ')'
'.freeze;   end 
            ^~~
/home/itsacheckmate/Training/Rails/avatar/app/views/users/index.html.erb:44: syntax error, unexpected `ensure', expecting ')'
          ensure
          ^~~~~~
/home/itsacheckmate/Training/Rails/avatar/app/views/users/index.html.erb:46: syntax error, unexpected `end', expecting ')'
          end
          ^~~
):
  
app/views/users/index.html.erb:8: syntax error, unexpected ')', expecting `then' or ';' or '\n'
app/views/users/index.html.erb:39: syntax error, unexpected `else', expecting ')'
app/views/users/index.html.erb:41: syntax error, unexpected `end', expecting ')'
app/views/users/index.html.erb:44: syntax error, unexpected `ensure', expecting ')'
app/views/users/index.html.erb:46: syntax error, unexpected `end', expecting ')'
Started GET "/" for ::1 at 2022-07-13 16:52:28 +0530
Processing by UsersController#index as HTML
  Rendering users/index.html.erb within layouts/application
  [1m[36mUser Load (0.5ms)[0m  [1m[34mSELECT "users".* FROM "users" ORDER BY id[0m
  ↳ app/views/users/index.html.erb:8
  Rendered users/index.html.erb within layouts/application (3.1ms)
Completed 200 OK in 11ms (Views: 8.7ms | ActiveRecord: 1.8ms)


Started GET "/users/signup" for ::1 at 2022-07-13 16:52:33 +0530
Processing by UsersController#signup as HTML
  Rendering users/signup.html.erb within layouts/application
  Rendered users/signup.html.erb within layouts/application (88.2ms)
Completed 500 Internal Server Error in 97ms (ActiveRecord: 2.8ms)


  
ActionView::Template::Error (undefined local variable or method `sign_up_path' for #<#<Class:0x00007f5d884d88b0>:0x00007f5d8c918cc8>):
    1: <h1>Sign Up</h1>
    2: 
    3: <%= form_with model: @user, url: sign_up_path do |form| %>
    4:   <% if @user.errors.any? %>
    5:   <div class="alert alert-danger">
    6:     <% @user.errors.full_messages.each do |message| %>
  
app/views/users/signup.html.erb:3:in `_app_views_users_signup_html_erb___2627472876569320578_20680'
Started GET "/users/signup" for ::1 at 2022-07-13 16:54:16 +0530
Processing by UsersController#signup as HTML
  Rendering users/signup.html.erb within layouts/application
  Rendered users/signup.html.erb within layouts/application (17.1ms)
Completed 200 OK in 28ms (Views: 27.1ms | ActiveRecord: 0.0ms)


Started POST "/users/create" for ::1 at 2022-07-13 16:54:39 +0530
Processing by UsersController#create as JS
  Parameters: {"utf8"=>"✓", "authenticity_token"=>"f9CwwLmjEO1uon/UExl8+hO/Nbv/reTI52j3C7nRx/GecHRn5SbPD7V1BusTbDRh1/2jYuZDxEzylOIiXRQyxA==", "user"=>{"name"=>"shubhamjain0197@gmail.com", "avatar"=>"2", "gender"=>"assa", "address"=>"asasas"}, "commit"=>"Sign Up"}
  [1m[35m (0.1ms)[0m  [1m[35mBEGIN[0m
  ↳ app/controllers/users_controller.rb:12
  [1m[36mUser Create (0.4ms)[0m  [1m[32mINSERT INTO "users" ("name", "gender", "avatar", "address", "created_at", "updated_at") VALUES ($1, $2, $3, $4, $5, $6) RETURNING "id"[0m  [["name", "shubhamjain0197@gmail.com"], ["gender", "assa"], ["avatar", "2"], ["address", "asasas"], ["created_at", "2022-07-13 11:24:39.031616"], ["updated_at", "2022-07-13 11:24:39.031616"]]
  ↳ app/controllers/users_controller.rb:12
  [1m[35m (0.4ms)[0m  [1m[35mCOMMIT[0m
  ↳ app/controllers/users_controller.rb:12
Redirected to http://localhost:3000/
Completed 200 OK in 4ms (ActiveRecord: 1.0ms)


Started GET "/" for ::1 at 2022-07-13 16:54:39 +0530
Processing by UsersController#index as HTML
  Rendering users/index.html.erb within layouts/application
  [1m[36mUser Load (0.3ms)[0m  [1m[34mSELECT "users".* FROM "users" ORDER BY id[0m
  ↳ app/views/users/index.html.erb:8
  Rendered users/index.html.erb within layouts/application (1.7ms)
Completed 200 OK in 14ms (Views: 13.3ms | ActiveRecord: 0.3ms)


  [1m[36mUser Load (0.1ms)[0m  [1m[34mSELECT  "users".* FROM "users" LIMIT $1[0m  [["LIMIT", 11]]
Started GET "/" for ::1 at 2022-07-13 16:55:54 +0530
Processing by UsersController#index as HTML
  Rendering users/index.html.erb within layouts/application
  [1m[36mUser Load (0.2ms)[0m  [1m[34mSELECT "users".* FROM "users" ORDER BY id[0m
  ↳ app/views/users/index.html.erb:8
  Rendered users/index.html.erb within layouts/application (1.1ms)
Completed 200 OK in 15ms (Views: 13.8ms | ActiveRecord: 0.2ms)


  [1m[36mUser Load (0.2ms)[0m  [1m[34mSELECT  "users".* FROM "users" WHERE "users"."id" = $1 LIMIT $2[0m  [["id", 1], ["LIMIT", 1]]
  [1m[35m (0.1ms)[0m  [1m[35mBEGIN[0m
  [1m[36mUser Destroy (0.1ms)[0m  [1m[31mDELETE FROM "users" WHERE "users"."id" = $1[0m  [["id", 1]]
  [1m[35m (1.2ms)[0m  [1m[35mCOMMIT[0m
Started GET "/users/signup" for ::1 at 2022-07-13 16:57:24 +0530
Processing by UsersController#signup as HTML
  Rendering users/signup.html.erb within layouts/application
  Rendered users/signup.html.erb within layouts/application (72.6ms)
Completed 200 OK in 83ms (Views: 81.6ms | ActiveRecord: 0.0ms)


Started GET "/" for ::1 at 2022-07-13 18:50:09 +0530
  [1m[35m (0.7ms)[0m  [1m[34mSELECT "schema_migrations"."version" FROM "schema_migrations" ORDER BY "schema_migrations"."version" ASC[0m
  ↳ /home/itsacheckmate/.rvm/gems/ruby-2.7.0/gems/activerecord-5.2.8.1/lib/active_record/log_subscriber.rb:98
Processing by UsersController#index as HTML
  Rendering users/index.html.erb within layouts/application
  [1m[36mUser Load (1.1ms)[0m  [1m[34mSELECT "users".* FROM "users" ORDER BY id[0m
  ↳ app/views/users/index.html.erb:8
  Rendered users/index.html.erb within layouts/application (3.8ms)
Completed 200 OK in 109ms (Views: 100.6ms | ActiveRecord: 1.8ms)


Started GET "/users/signup" for ::1 at 2022-07-13 18:50:11 +0530
Processing by UsersController#signup as HTML
  Rendering users/signup.html.erb within layouts/application
  Rendered users/signup.html.erb within layouts/application (152.4ms)
Completed 500 Internal Server Error in 159ms (ActiveRecord: 2.5ms)


  
ActionView::Template::Error (undefined local variable or method `f' for #<#<Class:0x00007fab9cbd67b8>:0x00007fab9d3f2fc8>):
    15:   </div> 
    16:   <div >
    17:     <%= form.label :avatar %>
    18:     <%= f.file_field :avatar %>
    19:   </div>
    20:   <div >
    21:     <%= form.label :gender %>
  
app/views/users/signup.html.erb:18:in `block in _app_views_users_signup_html_erb___1955295135652115925_14220'
app/views/users/signup.html.erb:3:in `_app_views_users_signup_html_erb___1955295135652115925_14220'
Started GET "/users/signup" for ::1 at 2022-07-13 18:50:24 +0530
Processing by UsersController#signup as HTML
  Rendering users/signup.html.erb within layouts/application
  Rendered users/signup.html.erb within layouts/application (40.7ms)
Completed 200 OK in 48ms (Views: 47.7ms | ActiveRecord: 0.0ms)


Started POST "/users/create" for ::1 at 2022-07-13 18:50:51 +0530
Processing by UsersController#create as JS
  Parameters: {"utf8"=>"✓", "authenticity_token"=>"KOFSz/1BVrhlP+ebvVLq9VKrO3DrZ6EfaF62XNgCZibJQZZoocSJWr7onqS9J6JulumtqfKJgZt9oqN1PMeTEw==", "user"=>{"name"=>"Shubham Jain", "avatar"=>#<ActionDispatch::Http::UploadedFile:0x00007fab9d686078 @tempfile=#<Tempfile:/tmp/RackMultipart20220713-9648-tqjpuo.jpg>, @original_filename="Entrepreneurship Essentials.jpg", @content_type="image/jpeg", @headers="Content-Disposition: form-data; name=\"user[avatar]\"; filename=\"Entrepreneurship Essentials.jpg\"\r\nContent-Type: image/jpeg\r\n">, "gender"=>"Male", "address"=>"asvdd"}, "commit"=>"Sign Up"}
  [1m[35m (0.1ms)[0m  [1m[35mBEGIN[0m
  ↳ app/controllers/users_controller.rb:12
  [1m[36mUser Create (0.8ms)[0m  [1m[32mINSERT INTO "users" ("name", "gender", "avatar", "address", "created_at", "updated_at") VALUES ($1, $2, $3, $4, $5, $6) RETURNING "id"[0m  [["name", "Shubham Jain"], ["gender", "Male"], ["avatar", "Entrepreneurship_Essentials.jpg"], ["address", "asvdd"], ["created_at", "2022-07-13 13:20:51.916218"], ["updated_at", "2022-07-13 13:20:51.916218"]]
  ↳ app/controllers/users_controller.rb:12
  [1m[35m (0.4ms)[0m  [1m[35mCOMMIT[0m
  ↳ app/controllers/users_controller.rb:12
Redirected to http://localhost:3000/
Completed 200 OK in 8ms (ActiveRecord: 1.3ms)


Started GET "/" for ::1 at 2022-07-13 18:50:51 +0530
Processing by UsersController#index as HTML
  Rendering users/index.html.erb within layouts/application
  [1m[36mUser Load (0.4ms)[0m  [1m[34mSELECT "users".* FROM "users" ORDER BY id[0m
  ↳ app/views/users/index.html.erb:8
  Rendered users/index.html.erb within layouts/application (2.6ms)
Completed 200 OK in 17ms (Views: 15.8ms | ActiveRecord: 0.4ms)


