  [1m[35m (59.1ms)[0m  [1m[35mCREATE DATABASE "ecommerce_development" ENCODING = 'unicode'[0m
  [1m[35m (24.1ms)[0m  [1m[35mCREATE DATABASE "ecommerce_test" ENCODING = 'unicode'[0m
  [1m[35m (3.7ms)[0m  [1m[35mCREATE TABLE "schema_migrations" ("version" character varying NOT NULL PRIMARY KEY)[0m
  [1m[35m (2.3ms)[0m  [1m[35mCREATE TABLE "ar_internal_metadata" ("key" character varying NOT NULL PRIMARY KEY, "value" character varying, "created_at" timestamp(6) NOT NULL, "updated_at" timestamp(6) NOT NULL)[0m
  [1m[35m (0.1ms)[0m  [1m[34mSELECT pg_try_advisory_lock(5291487476256315705)[0m
  [1m[36mActiveRecord::SchemaMigration Pluck (0.2ms)[0m  [1m[34mSELECT "schema_migrations"."version" FROM "schema_migrations" ORDER BY "schema_migrations"."version" ASC[0m
Migrating to CreateCustomers (20220524120706)
  [1m[36mTRANSACTION (0.0ms)[0m  [1m[35mBEGIN[0m
  [1m[35m (1.5ms)[0m  [1m[35mCREATE TABLE "customers" ("id" bigserial primary key, "created_at" timestamp(6) NOT NULL, "updated_at" timestamp(6) NOT NULL)[0m
  [1m[36mActiveRecord::SchemaMigration Create (0.3ms)[0m  [1m[32mINSERT INTO "schema_migrations" ("version") VALUES ($1) RETURNING "version"[0m  [["version", "20220524120706"]]
  [1m[36mTRANSACTION (0.4ms)[0m  [1m[35mCOMMIT[0m
  [1m[36mActiveRecord::InternalMetadata Load (0.1ms)[0m  [1m[34mSELECT "ar_internal_metadata".* FROM "ar_internal_metadata" WHERE "ar_internal_metadata"."key" = $1 LIMIT $2[0m  [["key", "environment"], ["LIMIT", 1]]
  [1m[36mTRANSACTION (0.1ms)[0m  [1m[35mBEGIN[0m
  [1m[36mActiveRecord::InternalMetadata Create (0.3ms)[0m  [1m[32mINSERT INTO "ar_internal_metadata" ("key", "value", "created_at", "updated_at") VALUES ($1, $2, $3, $4) RETURNING "key"[0m  [["key", "environment"], ["value", "development"], ["created_at", "2022-05-24 12:09:04.025467"], ["updated_at", "2022-05-24 12:09:04.025467"]]
  [1m[36mTRANSACTION (0.4ms)[0m  [1m[35mCOMMIT[0m
  [1m[35m (0.2ms)[0m  [1m[34mSELECT pg_advisory_unlock(5291487476256315705)[0m
  [1m[36mActiveRecord::SchemaMigration Pluck (0.2ms)[0m  [1m[34mSELECT "schema_migrations"."version" FROM "schema_migrations" ORDER BY "schema_migrations"."version" ASC[0m
Started GET "/" for ::1 at 2022-05-24 17:39:58 +0530
  [1m[36mActiveRecord::SchemaMigration Pluck (0.2ms)[0m  [1m[34mSELECT "schema_migrations"."version" FROM "schema_migrations" ORDER BY "schema_migrations"."version" ASC[0m
Processing by Rails::WelcomeController#index as HTML
  Rendering /home/itsacheckmate/.rvm/gems/ruby-3.0.0/gems/railties-7.0.3/lib/rails/templates/rails/welcome/index.html.erb
  Rendered /home/itsacheckmate/.rvm/gems/ruby-3.0.0/gems/railties-7.0.3/lib/rails/templates/rails/welcome/index.html.erb (Duration: 1.2ms | Allocations: 733)
Completed 200 OK in 9ms (Views: 3.5ms | ActiveRecord: 0.0ms | Allocations: 6926)


Started GET "/customers" for ::1 at 2022-05-24 17:40:08 +0530
Processing by CustomersController#index as HTML
  Rendering layout layouts/application.html.erb
  Rendering customers/index.html.erb within layouts/application
  [1m[36mCustomer Load (0.2ms)[0m  [1m[34mSELECT "customers".* FROM "customers"[0m
  ↳ app/views/customers/index.html.erb:6
  Rendered customers/index.html.erb within layouts/application (Duration: 3.3ms | Allocations: 1204)
  Rendered layout layouts/application.html.erb (Duration: 103.3ms | Allocations: 96327)
Completed 200 OK in 106ms (Views: 104.3ms | ActiveRecord: 0.2ms | Allocations: 98104)


Started GET "/customers/new" for ::1 at 2022-05-24 17:40:10 +0530
Processing by CustomersController#new as HTML
  Rendering layout layouts/application.html.erb
  Rendering customers/new.html.erb within layouts/application
  Rendered customers/_form.html.erb (Duration: 6.1ms | Allocations: 3751)
  Rendered customers/new.html.erb within layouts/application (Duration: 6.8ms | Allocations: 4086)
  Rendered layout layouts/application.html.erb (Duration: 8.6ms | Allocations: 6284)
Completed 200 OK in 15ms (Views: 9.0ms | ActiveRecord: 2.0ms | Allocations: 10231)


Started POST "/customers" for ::1 at 2022-05-24 17:40:12 +0530
Processing by CustomersController#create as TURBO_STREAM
  Parameters: {"authenticity_token"=>"[FILTERED]", "commit"=>"Create Customer"}
  [1m[36mTRANSACTION (0.1ms)[0m  [1m[35mBEGIN[0m
  ↳ app/controllers/customers_controller.rb:27:in `block in create'
  [1m[36mCustomer Create (0.5ms)[0m  [1m[32mINSERT INTO "customers" ("created_at", "updated_at") VALUES ($1, $2) RETURNING "id"[0m  [["created_at", "2022-05-24 12:10:12.076253"], ["updated_at", "2022-05-24 12:10:12.076253"]]
  ↳ app/controllers/customers_controller.rb:27:in `block in create'
  [1m[36mTRANSACTION (0.4ms)[0m  [1m[35mCOMMIT[0m
  ↳ app/controllers/customers_controller.rb:27:in `block in create'
Redirected to http://localhost:3000/customers/1
Completed 302 Found in 6ms (ActiveRecord: 1.0ms | Allocations: 3285)


Started GET "/customers/1" for ::1 at 2022-05-24 17:40:12 +0530
Processing by CustomersController#show as TURBO_STREAM
  Parameters: {"id"=>"1"}
  [1m[36mCustomer Load (0.1ms)[0m  [1m[34mSELECT "customers".* FROM "customers" WHERE "customers"."id" = $1 LIMIT $2[0m  [["id", 1], ["LIMIT", 1]]
  ↳ app/controllers/customers_controller.rb:63:in `set_customer'
  Rendering layout layouts/application.html.erb
  Rendering customers/show.html.erb within layouts/application
  Rendered customers/_customer.html.erb (Duration: 0.2ms | Allocations: 144)
  Rendered customers/show.html.erb within layouts/application (Duration: 1.9ms | Allocations: 1361)
  Rendered layout layouts/application.html.erb (Duration: 3.4ms | Allocations: 3551)
Completed 200 OK in 6ms (Views: 3.7ms | ActiveRecord: 0.2ms | Allocations: 6354)


Started GET "/customers" for ::1 at 2022-05-24 17:40:16 +0530
Processing by CustomersController#index as HTML
  Rendering layout layouts/application.html.erb
  Rendering customers/index.html.erb within layouts/application
  [1m[36mCustomer Load (0.2ms)[0m  [1m[34mSELECT "customers".* FROM "customers"[0m
  ↳ app/views/customers/index.html.erb:6
  Rendered customers/_customer.html.erb (Duration: 0.0ms | Allocations: 19)
  Rendered customers/index.html.erb within layouts/application (Duration: 2.0ms | Allocations: 887)
  Rendered layout layouts/application.html.erb (Duration: 3.6ms | Allocations: 3094)
Completed 200 OK in 4ms (Views: 3.8ms | ActiveRecord: 0.2ms | Allocations: 3436)


Started GET "/customers/1" for ::1 at 2022-05-24 17:40:18 +0530
Processing by CustomersController#show as HTML
  Parameters: {"id"=>"1"}
  [1m[36mCustomer Load (0.2ms)[0m  [1m[34mSELECT "customers".* FROM "customers" WHERE "customers"."id" = $1 LIMIT $2[0m  [["id", 1], ["LIMIT", 1]]
  ↳ app/controllers/customers_controller.rb:63:in `set_customer'
  Rendering layout layouts/application.html.erb
  Rendering customers/show.html.erb within layouts/application
  Rendered customers/_customer.html.erb (Duration: 0.1ms | Allocations: 19)
  Rendered customers/show.html.erb within layouts/application (Duration: 0.8ms | Allocations: 581)
  Rendered layout layouts/application.html.erb (Duration: 3.0ms | Allocations: 2766)
Completed 200 OK in 6ms (Views: 3.5ms | ActiveRecord: 0.2ms | Allocations: 3560)


Started GET "/customers/1/edit" for ::1 at 2022-05-24 17:40:20 +0530
Processing by CustomersController#edit as HTML
  Parameters: {"id"=>"1"}
  [1m[36mCustomer Load (0.1ms)[0m  [1m[34mSELECT "customers".* FROM "customers" WHERE "customers"."id" = $1 LIMIT $2[0m  [["id", 1], ["LIMIT", 1]]
  ↳ app/controllers/customers_controller.rb:63:in `set_customer'
  Rendering layout layouts/application.html.erb
  Rendering customers/edit.html.erb within layouts/application
  Rendered customers/_form.html.erb (Duration: 1.1ms | Allocations: 632)
  Rendered customers/edit.html.erb within layouts/application (Duration: 1.8ms | Allocations: 940)
  Rendered layout layouts/application.html.erb (Duration: 4.0ms | Allocations: 3125)
Completed 200 OK in 6ms (Views: 4.4ms | ActiveRecord: 0.1ms | Allocations: 3973)


Started PATCH "/customers/1" for ::1 at 2022-05-24 17:40:22 +0530
Processing by CustomersController#update as TURBO_STREAM
  Parameters: {"authenticity_token"=>"[FILTERED]", "commit"=>"Update Customer", "id"=>"1"}
  [1m[36mCustomer Load (0.3ms)[0m  [1m[34mSELECT "customers".* FROM "customers" WHERE "customers"."id" = $1 LIMIT $2[0m  [["id", 1], ["LIMIT", 1]]
  ↳ app/controllers/customers_controller.rb:63:in `set_customer'
Redirected to http://localhost:3000/customers/1
Completed 302 Found in 2ms (ActiveRecord: 0.3ms | Allocations: 1103)


Started GET "/customers/1" for ::1 at 2022-05-24 17:40:22 +0530
Processing by CustomersController#show as TURBO_STREAM
  Parameters: {"id"=>"1"}
  [1m[36mCustomer Load (0.1ms)[0m  [1m[34mSELECT "customers".* FROM "customers" WHERE "customers"."id" = $1 LIMIT $2[0m  [["id", 1], ["LIMIT", 1]]
  ↳ app/controllers/customers_controller.rb:63:in `set_customer'
  Rendering layout layouts/application.html.erb
  Rendering customers/show.html.erb within layouts/application
  Rendered customers/_customer.html.erb (Duration: 0.0ms | Allocations: 19)
  Rendered customers/show.html.erb within layouts/application (Duration: 0.7ms | Allocations: 600)
  Rendered layout layouts/application.html.erb (Duration: 2.2ms | Allocations: 2785)
Completed 200 OK in 4ms (Views: 2.5ms | ActiveRecord: 0.1ms | Allocations: 3584)


Started DELETE "/customers/1" for ::1 at 2022-05-24 17:40:24 +0530
Processing by CustomersController#destroy as TURBO_STREAM
  Parameters: {"authenticity_token"=>"[FILTERED]", "id"=>"1"}
  [1m[36mCustomer Load (0.1ms)[0m  [1m[34mSELECT "customers".* FROM "customers" WHERE "customers"."id" = $1 LIMIT $2[0m  [["id", 1], ["LIMIT", 1]]
  ↳ app/controllers/customers_controller.rb:63:in `set_customer'
  [1m[36mTRANSACTION (0.1ms)[0m  [1m[35mBEGIN[0m
  ↳ app/controllers/customers_controller.rb:52:in `destroy'
  [1m[36mCustomer Destroy (0.2ms)[0m  [1m[31mDELETE FROM "customers" WHERE "customers"."id" = $1[0m  [["id", 1]]
  ↳ app/controllers/customers_controller.rb:52:in `destroy'
  [1m[36mTRANSACTION (6.6ms)[0m  [1m[35mCOMMIT[0m
  ↳ app/controllers/customers_controller.rb:52:in `destroy'
Redirected to http://localhost:3000/customers
Completed 302 Found in 11ms (ActiveRecord: 7.1ms | Allocations: 2346)


Started GET "/customers" for ::1 at 2022-05-24 17:40:24 +0530
Processing by CustomersController#index as TURBO_STREAM
  Rendering layout layouts/application.html.erb
  Rendering customers/index.html.erb within layouts/application
  [1m[36mCustomer Load (0.1ms)[0m  [1m[34mSELECT "customers".* FROM "customers"[0m
  ↳ app/views/customers/index.html.erb:6
  Rendered customers/index.html.erb within layouts/application (Duration: 0.9ms | Allocations: 753)
  Rendered layout layouts/application.html.erb (Duration: 2.4ms | Allocations: 2959)
Completed 200 OK in 3ms (Views: 2.6ms | ActiveRecord: 0.1ms | Allocations: 3296)


Started GET "/customers/new" for ::1 at 2022-05-24 17:40:27 +0530
Processing by CustomersController#new as HTML
  Rendering layout layouts/application.html.erb
  Rendering customers/new.html.erb within layouts/application
  Rendered customers/_form.html.erb (Duration: 0.9ms | Allocations: 542)
  Rendered customers/new.html.erb within layouts/application (Duration: 1.1ms | Allocations: 644)
  Rendered layout layouts/application.html.erb (Duration: 3.2ms | Allocations: 2837)
Completed 200 OK in 4ms (Views: 3.6ms | ActiveRecord: 0.0ms | Allocations: 3171)


Started POST "/customers" for ::1 at 2022-05-24 17:40:28 +0530
Processing by CustomersController#create as TURBO_STREAM
  Parameters: {"authenticity_token"=>"[FILTERED]", "commit"=>"Create Customer"}
  [1m[36mTRANSACTION (0.2ms)[0m  [1m[35mBEGIN[0m
  ↳ app/controllers/customers_controller.rb:27:in `block in create'
  [1m[36mCustomer Create (0.6ms)[0m  [1m[32mINSERT INTO "customers" ("created_at", "updated_at") VALUES ($1, $2) RETURNING "id"[0m  [["created_at", "2022-05-24 12:10:28.321892"], ["updated_at", "2022-05-24 12:10:28.321892"]]
  ↳ app/controllers/customers_controller.rb:27:in `block in create'
  [1m[36mTRANSACTION (1.4ms)[0m  [1m[35mCOMMIT[0m
  ↳ app/controllers/customers_controller.rb:27:in `block in create'
Redirected to http://localhost:3000/customers/2
Completed 302 Found in 9ms (ActiveRecord: 2.2ms | Allocations: 2133)


Started GET "/customers/2" for ::1 at 2022-05-24 17:40:28 +0530
Processing by CustomersController#show as TURBO_STREAM
  Parameters: {"id"=>"2"}
  [1m[36mCustomer Load (0.1ms)[0m  [1m[34mSELECT "customers".* FROM "customers" WHERE "customers"."id" = $1 LIMIT $2[0m  [["id", 2], ["LIMIT", 1]]
  ↳ app/controllers/customers_controller.rb:63:in `set_customer'
  Rendering layout layouts/application.html.erb
  Rendering customers/show.html.erb within layouts/application
  Rendered customers/_customer.html.erb (Duration: 0.0ms | Allocations: 19)
  Rendered customers/show.html.erb within layouts/application (Duration: 0.7ms | Allocations: 612)
  Rendered layout layouts/application.html.erb (Duration: 4.3ms | Allocations: 2797)
Completed 200 OK in 6ms (Views: 4.6ms | ActiveRecord: 0.1ms | Allocations: 3594)


Started GET "/customers" for ::1 at 2022-05-24 17:40:29 +0530
Processing by CustomersController#index as HTML
  Rendering layout layouts/application.html.erb
  Rendering customers/index.html.erb within layouts/application
  [1m[36mCustomer Load (0.2ms)[0m  [1m[34mSELECT "customers".* FROM "customers"[0m
  ↳ app/views/customers/index.html.erb:6
  Rendered customers/_customer.html.erb (Duration: 0.1ms | Allocations: 19)
  Rendered customers/index.html.erb within layouts/application (Duration: 6.3ms | Allocations: 893)
  Rendered layout layouts/application.html.erb (Duration: 12.4ms | Allocations: 3099)
Completed 200 OK in 13ms (Views: 12.7ms | ActiveRecord: 0.2ms | Allocations: 3433)


Started GET "/customers/new" for ::1 at 2022-05-24 17:40:30 +0530
Processing by CustomersController#new as HTML
  Rendering layout layouts/application.html.erb
  Rendering customers/new.html.erb within layouts/application
  Rendered customers/_form.html.erb (Duration: 1.1ms | Allocations: 560)
  Rendered customers/new.html.erb within layouts/application (Duration: 1.3ms | Allocations: 662)
  Rendered layout layouts/application.html.erb (Duration: 7.5ms | Allocations: 2856)
Completed 200 OK in 12ms (Views: 10.9ms | ActiveRecord: 0.0ms | Allocations: 3190)


Started POST "/customers" for ::1 at 2022-05-24 17:40:31 +0530
Processing by CustomersController#create as TURBO_STREAM
  Parameters: {"authenticity_token"=>"[FILTERED]", "commit"=>"Create Customer"}
  [1m[36mTRANSACTION (0.3ms)[0m  [1m[35mBEGIN[0m
  ↳ app/controllers/customers_controller.rb:27:in `block in create'
  [1m[36mCustomer Create (0.6ms)[0m  [1m[32mINSERT INTO "customers" ("created_at", "updated_at") VALUES ($1, $2) RETURNING "id"[0m  [["created_at", "2022-05-24 12:10:31.426021"], ["updated_at", "2022-05-24 12:10:31.426021"]]
  ↳ app/controllers/customers_controller.rb:27:in `block in create'
  [1m[36mTRANSACTION (1.4ms)[0m  [1m[35mCOMMIT[0m
  ↳ app/controllers/customers_controller.rb:27:in `block in create'
Redirected to http://localhost:3000/customers/3
Completed 302 Found in 14ms (ActiveRecord: 2.2ms | Allocations: 2118)


Started GET "/customers/3" for ::1 at 2022-05-24 17:40:31 +0530
Processing by CustomersController#show as TURBO_STREAM
  Parameters: {"id"=>"3"}
  [1m[36mCustomer Load (0.1ms)[0m  [1m[34mSELECT "customers".* FROM "customers" WHERE "customers"."id" = $1 LIMIT $2[0m  [["id", 3], ["LIMIT", 1]]
  ↳ app/controllers/customers_controller.rb:63:in `set_customer'
  Rendering layout layouts/application.html.erb
  Rendering customers/show.html.erb within layouts/application
  Rendered customers/_customer.html.erb (Duration: 0.1ms | Allocations: 19)
  Rendered customers/show.html.erb within layouts/application (Duration: 0.9ms | Allocations: 620)
  Rendered layout layouts/application.html.erb (Duration: 3.3ms | Allocations: 2818)
Completed 200 OK in 5ms (Views: 3.6ms | ActiveRecord: 0.1ms | Allocations: 3616)


  [1m[35m (0.1ms)[0m  [1m[34mSelect * from customers[0m
  [1m[35m (0.3ms)[0m  [1m[34mSelect * from customers[0m
  [1m[35m (0.6ms)[0m  [1m[34mSelect * from customers[0m
  [1m[35m (0.2ms)[0m  [1m[34mSelect * from customers[0m
Started GET "/customers" for ::1 at 2022-05-24 17:51:13 +0530
  [1m[36mActiveRecord::SchemaMigration Pluck (0.2ms)[0m  [1m[34mSELECT "schema_migrations"."version" FROM "schema_migrations" ORDER BY "schema_migrations"."version" ASC[0m
  [1m[36mCACHE ActiveRecord::SchemaMigration Pluck (0.0ms)[0m  [1m[34mSELECT "schema_migrations"."version" FROM "schema_migrations" ORDER BY "schema_migrations"."version" ASC[0m
  
ActiveRecord::PendingMigrationError (

Migrations are pending. To resolve this issue, run:

        bin/rails db:migrate RAILS_ENV=development

You have 1 pending migration:

20220524121621_create_customers.rb


):
  
activerecord (7.0.3) lib/active_record/migration.rb:627:in `check_pending!'
activerecord (7.0.3) lib/active_record/migration.rb:592:in `block (2 levels) in call'
activesupport (7.0.3) lib/active_support/file_update_checker.rb:83:in `execute'
activerecord (7.0.3) lib/active_record/migration.rb:597:in `block in call'
activerecord (7.0.3) lib/active_record/migration.rb:589:in `synchronize'
activerecord (7.0.3) lib/active_record/migration.rb:589:in `call'
actionpack (7.0.3) lib/action_dispatch/middleware/callbacks.rb:27:in `block in call'
activesupport (7.0.3) lib/active_support/callbacks.rb:99:in `run_callbacks'
actionpack (7.0.3) lib/action_dispatch/middleware/callbacks.rb:26:in `call'
actionpack (7.0.3) lib/action_dispatch/middleware/executor.rb:14:in `call'
actionpack (7.0.3) lib/action_dispatch/middleware/actionable_exceptions.rb:17:in `call'
actionpack (7.0.3) lib/action_dispatch/middleware/debug_exceptions.rb:28:in `call'
web-console (4.2.0) lib/web_console/middleware.rb:132:in `call_app'
web-console (4.2.0) lib/web_console/middleware.rb:28:in `block in call'
web-console (4.2.0) lib/web_console/middleware.rb:17:in `catch'
web-console (4.2.0) lib/web_console/middleware.rb:17:in `call'
actionpack (7.0.3) lib/action_dispatch/middleware/show_exceptions.rb:26:in `call'
railties (7.0.3) lib/rails/rack/logger.rb:40:in `call_app'
railties (7.0.3) lib/rails/rack/logger.rb:25:in `block in call'
activesupport (7.0.3) lib/active_support/tagged_logging.rb:114:in `block in tagged'
activesupport (7.0.3) lib/active_support/tagged_logging.rb:38:in `tagged'
activesupport (7.0.3) lib/active_support/tagged_logging.rb:114:in `tagged'
railties (7.0.3) lib/rails/rack/logger.rb:25:in `call'
sprockets-rails (3.4.2) lib/sprockets/rails/quiet_assets.rb:13:in `call'
actionpack (7.0.3) lib/action_dispatch/middleware/remote_ip.rb:93:in `call'
actionpack (7.0.3) lib/action_dispatch/middleware/request_id.rb:26:in `call'
rack (2.2.3) lib/rack/method_override.rb:24:in `call'
rack (2.2.3) lib/rack/runtime.rb:22:in `call'
activesupport (7.0.3) lib/active_support/cache/strategy/local_cache_middleware.rb:29:in `call'
actionpack (7.0.3) lib/action_dispatch/middleware/server_timing.rb:20:in `call'
actionpack (7.0.3) lib/action_dispatch/middleware/executor.rb:14:in `call'
actionpack (7.0.3) lib/action_dispatch/middleware/static.rb:23:in `call'
rack (2.2.3) lib/rack/sendfile.rb:110:in `call'
actionpack (7.0.3) lib/action_dispatch/middleware/host_authorization.rb:137:in `call'
railties (7.0.3) lib/rails/engine.rb:530:in `call'
puma (5.6.4) lib/puma/configuration.rb:252:in `call'
puma (5.6.4) lib/puma/request.rb:77:in `block in handle_request'
puma (5.6.4) lib/puma/thread_pool.rb:340:in `with_force_shutdown'
puma (5.6.4) lib/puma/request.rb:76:in `handle_request'
puma (5.6.4) lib/puma/server.rb:441:in `process_client'
puma (5.6.4) lib/puma/thread_pool.rb:147:in `block in spawn_thread'
  [1m[35m (0.0ms)[0m  [1m[34mSELECT pg_try_advisory_lock(5291487476256315705)[0m
  [1m[36mActiveRecord::SchemaMigration Pluck (0.3ms)[0m  [1m[34mSELECT "schema_migrations"."version" FROM "schema_migrations" ORDER BY "schema_migrations"."version" ASC[0m
Migrating to CreateCustomers (20220524121621)
  [1m[36mTRANSACTION (0.0ms)[0m  [1m[35mBEGIN[0m
  [1m[35m (0.8ms)[0m  [1m[35mCREATE TABLE "customers" ("id" bigserial primary key, "name" character varying, "mobile_number" character varying, "email_address" integer, "DOB" date, "created_at" timestamp(6) NOT NULL, "updated_at" timestamp(6) NOT NULL)[0m
  [1m[36mTRANSACTION (0.0ms)[0m  [1m[31mROLLBACK[0m
  [1m[35m (0.2ms)[0m  [1m[34mSELECT pg_advisory_unlock(5291487476256315705)[0m
  [1m[36mActiveRecord::SchemaMigration Pluck (0.2ms)[0m  [1m[34mSELECT "schema_migrations"."version" FROM "schema_migrations" ORDER BY "schema_migrations"."version" ASC[0m
  [1m[36mActiveRecord::SchemaMigration Pluck (0.1ms)[0m  [1m[34mSELECT "schema_migrations"."version" FROM "schema_migrations" ORDER BY "schema_migrations"."version" ASC[0m
  [1m[36mActiveRecord::SchemaMigration Pluck (0.0ms)[0m  [1m[34mSELECT "schema_migrations"."version" FROM "schema_migrations" ORDER BY "schema_migrations"."version" ASC[0m
  [1m[35m (0.0ms)[0m  [1m[34mSELECT pg_try_advisory_lock(5291487476256315705)[0m
  [1m[36mActiveRecord::SchemaMigration Pluck (0.2ms)[0m  [1m[34mSELECT "schema_migrations"."version" FROM "schema_migrations" ORDER BY "schema_migrations"."version" ASC[0m
Migrating to CreateCustomers (20220524121621)
  [1m[36mTRANSACTION (0.0ms)[0m  [1m[35mBEGIN[0m
  [1m[35m (0.8ms)[0m  [1m[35mCREATE TABLE "customers" ("id" bigserial primary key, "name" character varying, "mobile_number" character varying, "email_address" integer, "DOB" date, "created_at" timestamp(6) NOT NULL, "updated_at" timestamp(6) NOT NULL)[0m
  [1m[36mTRANSACTION (0.0ms)[0m  [1m[31mROLLBACK[0m
  [1m[35m (0.1ms)[0m  [1m[34mSELECT pg_advisory_unlock(5291487476256315705)[0m
  [1m[35m (0.0ms)[0m  [1m[34mSELECT pg_try_advisory_lock(5291487476256315705)[0m
  [1m[36mActiveRecord::SchemaMigration Pluck (0.3ms)[0m  [1m[34mSELECT "schema_migrations"."version" FROM "schema_migrations" ORDER BY "schema_migrations"."version" ASC[0m
Migrating to CreateCustomrs (20220524122240)
  [1m[36mTRANSACTION (0.1ms)[0m  [1m[35mBEGIN[0m
  [1m[35m (3.3ms)[0m  [1m[35mCREATE TABLE "customrs" ("id" bigserial primary key, "name" character varying, "mobile_number" character varying, "email_address" integer, "DOB" date, "created_at" timestamp(6) NOT NULL, "updated_at" timestamp(6) NOT NULL)[0m
  [1m[36mActiveRecord::SchemaMigration Create (0.2ms)[0m  [1m[32mINSERT INTO "schema_migrations" ("version") VALUES ($1) RETURNING "version"[0m  [["version", "20220524122240"]]
  [1m[36mTRANSACTION (0.5ms)[0m  [1m[35mCOMMIT[0m
  [1m[36mActiveRecord::InternalMetadata Load (0.2ms)[0m  [1m[34mSELECT "ar_internal_metadata".* FROM "ar_internal_metadata" WHERE "ar_internal_metadata"."key" = $1 LIMIT $2[0m  [["key", "environment"], ["LIMIT", 1]]
  [1m[35m (0.2ms)[0m  [1m[34mSELECT pg_advisory_unlock(5291487476256315705)[0m
  [1m[36mActiveRecord::SchemaMigration Pluck (0.2ms)[0m  [1m[34mSELECT "schema_migrations"."version" FROM "schema_migrations" ORDER BY "schema_migrations"."version" ASC[0m
Started GET "/customrs" for ::1 at 2022-05-24 17:52:56 +0530
  [1m[36mActiveRecord::SchemaMigration Pluck (0.2ms)[0m  [1m[34mSELECT "schema_migrations"."version" FROM "schema_migrations" ORDER BY "schema_migrations"."version" ASC[0m
Processing by CustomrsController#index as HTML
  Rendering layout layouts/application.html.erb
  Rendering customrs/index.html.erb within layouts/application
  [1m[36mCustomr Load (0.4ms)[0m  [1m[34mSELECT "customrs".* FROM "customrs"[0m
  ↳ app/views/customrs/index.html.erb:6
  Rendered customrs/index.html.erb within layouts/application (Duration: 3.1ms | Allocations: 1605)
  Rendered layout layouts/application.html.erb (Duration: 25.6ms | Allocations: 36122)
Completed 200 OK in 38ms (Views: 26.6ms | ActiveRecord: 0.4ms | Allocations: 41952)


Started GET "/customrs/new" for ::1 at 2022-05-24 17:52:58 +0530
Processing by CustomrsController#new as HTML
  Rendering layout layouts/application.html.erb
  Rendering customrs/new.html.erb within layouts/application
  Rendered customrs/_form.html.erb (Duration: 11.7ms | Allocations: 4846)
  Rendered customrs/new.html.erb within layouts/application (Duration: 12.4ms | Allocations: 5176)
  Rendered layout layouts/application.html.erb (Duration: 13.7ms | Allocations: 7370)
Completed 200 OK in 22ms (Views: 14.1ms | ActiveRecord: 2.2ms | Allocations: 13184)


Started POST "/customrs" for ::1 at 2022-05-24 17:53:28 +0530
Processing by CustomrsController#create as TURBO_STREAM
  Parameters: {"authenticity_token"=>"[FILTERED]", "customr"=>{"name"=>"Shubham", "mobile_number"=>"999999", "email_address"=>"3", "DOB"=>"2022-05-11"}, "commit"=>"Create Customr"}
  [1m[36mTRANSACTION (0.2ms)[0m  [1m[35mBEGIN[0m
  ↳ app/controllers/customrs_controller.rb:27:in `block in create'
  [1m[36mCustomr Create (0.3ms)[0m  [1m[32mINSERT INTO "customrs" ("name", "mobile_number", "email_address", "DOB", "created_at", "updated_at") VALUES ($1, $2, $3, $4, $5, $6) RETURNING "id"[0m  [["name", "Shubham"], ["mobile_number", "999999"], ["email_address", 3], ["DOB", "2022-05-11"], ["created_at", "2022-05-24 12:23:28.305464"], ["updated_at", "2022-05-24 12:23:28.305464"]]
  ↳ app/controllers/customrs_controller.rb:27:in `block in create'
  [1m[36mTRANSACTION (0.3ms)[0m  [1m[35mCOMMIT[0m
  ↳ app/controllers/customrs_controller.rb:27:in `block in create'
Redirected to http://localhost:3000/customrs/1
Completed 302 Found in 5ms (ActiveRecord: 0.8ms | Allocations: 3481)


Started GET "/customrs/1" for ::1 at 2022-05-24 17:53:28 +0530
Processing by CustomrsController#show as TURBO_STREAM
  Parameters: {"id"=>"1"}
  [1m[36mCustomr Load (0.1ms)[0m  [1m[34mSELECT "customrs".* FROM "customrs" WHERE "customrs"."id" = $1 LIMIT $2[0m  [["id", 1], ["LIMIT", 1]]
  ↳ app/controllers/customrs_controller.rb:63:in `set_customr'
  Rendering layout layouts/application.html.erb
  Rendering customrs/show.html.erb within layouts/application
  Rendered customrs/_customr.html.erb (Duration: 0.4ms | Allocations: 269)
  Rendered customrs/show.html.erb within layouts/application (Duration: 1.9ms | Allocations: 1429)
  Rendered layout layouts/application.html.erb (Duration: 3.4ms | Allocations: 3615)
Completed 200 OK in 7ms (Views: 3.7ms | ActiveRecord: 0.3ms | Allocations: 6428)


Started GET "/customrs" for ::1 at 2022-05-24 17:53:30 +0530
Processing by CustomrsController#index as HTML
  Rendering layout layouts/application.html.erb
  Rendering customrs/index.html.erb within layouts/application
  [1m[36mCustomr Load (0.2ms)[0m  [1m[34mSELECT "customrs".* FROM "customrs"[0m
  ↳ app/views/customrs/index.html.erb:6
  Rendered customrs/_customr.html.erb (Duration: 0.1ms | Allocations: 35)
  Rendered customrs/index.html.erb within layouts/application (Duration: 1.8ms | Allocations: 916)
  Rendered layout layouts/application.html.erb (Duration: 4.3ms | Allocations: 3123)
Completed 200 OK in 5ms (Views: 4.5ms | ActiveRecord: 0.2ms | Allocations: 3465)


Started GET "/customrs/new" for ::1 at 2022-05-24 17:53:32 +0530
Processing by CustomrsController#new as HTML
  Rendering layout layouts/application.html.erb
  Rendering customrs/new.html.erb within layouts/application
  Rendered customrs/_form.html.erb (Duration: 1.4ms | Allocations: 1482)
  Rendered customrs/new.html.erb within layouts/application (Duration: 1.6ms | Allocations: 1584)
  Rendered layout layouts/application.html.erb (Duration: 3.0ms | Allocations: 3777)
Completed 200 OK in 4ms (Views: 3.3ms | ActiveRecord: 0.0ms | Allocations: 4115)


Started POST "/customrs" for ::1 at 2022-05-24 17:53:43 +0530
Processing by CustomrsController#create as TURBO_STREAM
  Parameters: {"authenticity_token"=>"[FILTERED]", "customr"=>{"name"=>"sfsdfsd", "mobile_number"=>"33r3", "email_address"=>"122", "DOB"=>"2022-04-27"}, "commit"=>"Create Customr"}
  [1m[36mTRANSACTION (0.2ms)[0m  [1m[35mBEGIN[0m
  ↳ app/controllers/customrs_controller.rb:27:in `block in create'
  [1m[36mCustomr Create (0.6ms)[0m  [1m[32mINSERT INTO "customrs" ("name", "mobile_number", "email_address", "DOB", "created_at", "updated_at") VALUES ($1, $2, $3, $4, $5, $6) RETURNING "id"[0m  [["name", "sfsdfsd"], ["mobile_number", "33r3"], ["email_address", 122], ["DOB", "2022-04-27"], ["created_at", "2022-05-24 12:23:43.041985"], ["updated_at", "2022-05-24 12:23:43.041985"]]
  ↳ app/controllers/customrs_controller.rb:27:in `block in create'
  [1m[36mTRANSACTION (0.6ms)[0m  [1m[35mCOMMIT[0m
  ↳ app/controllers/customrs_controller.rb:27:in `block in create'
Redirected to http://localhost:3000/customrs/2
Completed 302 Found in 10ms (ActiveRecord: 1.3ms | Allocations: 2267)


Started GET "/customrs/2" for ::1 at 2022-05-24 17:53:43 +0530
Processing by CustomrsController#show as TURBO_STREAM
  Parameters: {"id"=>"2"}
  [1m[36mCustomr Load (0.2ms)[0m  [1m[34mSELECT "customrs".* FROM "customrs" WHERE "customrs"."id" = $1 LIMIT $2[0m  [["id", 2], ["LIMIT", 1]]
  ↳ app/controllers/customrs_controller.rb:63:in `set_customr'
  Rendering layout layouts/application.html.erb
  Rendering customrs/show.html.erb within layouts/application
  Rendered customrs/_customr.html.erb (Duration: 0.1ms | Allocations: 35)
  Rendered customrs/show.html.erb within layouts/application (Duration: 1.0ms | Allocations: 630)
  Rendered layout layouts/application.html.erb (Duration: 2.7ms | Allocations: 2815)
Completed 200 OK in 4ms (Views: 3.1ms | ActiveRecord: 0.2ms | Allocations: 3626)


Started GET "/customrs" for ::1 at 2022-05-24 17:53:44 +0530
Processing by CustomrsController#index as HTML
  Rendering layout layouts/application.html.erb
  Rendering customrs/index.html.erb within layouts/application
  [1m[36mCustomr Load (0.5ms)[0m  [1m[34mSELECT "customrs".* FROM "customrs"[0m
  ↳ app/views/customrs/index.html.erb:6
  Rendered customrs/_customr.html.erb (Duration: 0.2ms | Allocations: 35)
  Rendered customrs/_customr.html.erb (Duration: 0.2ms | Allocations: 34)
  Rendered customrs/index.html.erb within layouts/application (Duration: 5.2ms | Allocations: 1067)
  Rendered layout layouts/application.html.erb (Duration: 9.6ms | Allocations: 3274)
Completed 200 OK in 11ms (Views: 9.9ms | ActiveRecord: 0.5ms | Allocations: 3616)


Started GET "/customrs/1" for ::1 at 2022-05-24 17:53:46 +0530
Processing by CustomrsController#show as HTML
  Parameters: {"id"=>"1"}
  [1m[36mCustomr Load (0.2ms)[0m  [1m[34mSELECT "customrs".* FROM "customrs" WHERE "customrs"."id" = $1 LIMIT $2[0m  [["id", 1], ["LIMIT", 1]]
  ↳ app/controllers/customrs_controller.rb:63:in `set_customr'
  Rendering layout layouts/application.html.erb
  Rendering customrs/show.html.erb within layouts/application
  Rendered customrs/_customr.html.erb (Duration: 0.1ms | Allocations: 35)
  Rendered customrs/show.html.erb within layouts/application (Duration: 1.0ms | Allocations: 603)
  Rendered layout layouts/application.html.erb (Duration: 3.1ms | Allocations: 2788)
Completed 200 OK in 5ms (Views: 3.5ms | ActiveRecord: 0.2ms | Allocations: 3595)


Started GET "/customrs/1/edit" for ::1 at 2022-05-24 17:53:48 +0530
Processing by CustomrsController#edit as HTML
  Parameters: {"id"=>"1"}
  [1m[36mCustomr Load (0.2ms)[0m  [1m[34mSELECT "customrs".* FROM "customrs" WHERE "customrs"."id" = $1 LIMIT $2[0m  [["id", 1], ["LIMIT", 1]]
  ↳ app/controllers/customrs_controller.rb:63:in `set_customr'
  Rendering layout layouts/application.html.erb
  Rendering customrs/edit.html.erb within layouts/application
  Rendered customrs/_form.html.erb (Duration: 1.7ms | Allocations: 1612)
  Rendered customrs/edit.html.erb within layouts/application (Duration: 2.4ms | Allocations: 1920)
  Rendered layout layouts/application.html.erb (Duration: 5.0ms | Allocations: 4105)
Completed 200 OK in 7ms (Views: 5.3ms | ActiveRecord: 0.2ms | Allocations: 4968)


Started GET "/customrs" for ::1 at 2022-05-24 17:53:59 +0530
Processing by CustomrsController#index as HTML
  Rendering layout layouts/application.html.erb
  Rendering customrs/index.html.erb within layouts/application
  [1m[36mCustomr Load (0.2ms)[0m  [1m[34mSELECT "customrs".* FROM "customrs"[0m
  ↳ app/views/customrs/index.html.erb:6
  Rendered customrs/_customr.html.erb (Duration: 0.1ms | Allocations: 35)
  Rendered customrs/_customr.html.erb (Duration: 0.0ms | Allocations: 34)
  Rendered customrs/index.html.erb within layouts/application (Duration: 1.9ms | Allocations: 1066)
  Rendered layout layouts/application.html.erb (Duration: 4.6ms | Allocations: 3272)
Completed 200 OK in 6ms (Views: 5.0ms | ActiveRecord: 0.2ms | Allocations: 3606)


Started GET "/customrs/2" for ::1 at 2022-05-24 17:54:03 +0530
Processing by CustomrsController#show as HTML
  Parameters: {"id"=>"2"}
  [1m[36mCustomr Load (0.4ms)[0m  [1m[34mSELECT "customrs".* FROM "customrs" WHERE "customrs"."id" = $1 LIMIT $2[0m  [["id", 2], ["LIMIT", 1]]
  ↳ app/controllers/customrs_controller.rb:63:in `set_customr'
  Rendering layout layouts/application.html.erb
  Rendering customrs/show.html.erb within layouts/application
  Rendered customrs/_customr.html.erb (Duration: 0.1ms | Allocations: 35)
  Rendered customrs/show.html.erb within layouts/application (Duration: 1.0ms | Allocations: 605)
  Rendered layout layouts/application.html.erb (Duration: 3.3ms | Allocations: 2790)
Completed 200 OK in 6ms (Views: 3.7ms | ActiveRecord: 0.4ms | Allocations: 3597)


Started GET "/customrs/2/edit" for ::1 at 2022-05-24 17:54:04 +0530
Processing by CustomrsController#edit as HTML
  Parameters: {"id"=>"2"}
  [1m[36mCustomr Load (0.2ms)[0m  [1m[34mSELECT "customrs".* FROM "customrs" WHERE "customrs"."id" = $1 LIMIT $2[0m  [["id", 2], ["LIMIT", 1]]
  ↳ app/controllers/customrs_controller.rb:63:in `set_customr'
  Rendering layout layouts/application.html.erb
  Rendering customrs/edit.html.erb within layouts/application
  Rendered customrs/_form.html.erb (Duration: 1.4ms | Allocations: 1585)
  Rendered customrs/edit.html.erb within layouts/application (Duration: 1.8ms | Allocations: 1723)
  Rendered layout layouts/application.html.erb (Duration: 3.9ms | Allocations: 3908)
Completed 200 OK in 5ms (Views: 4.2ms | ActiveRecord: 0.2ms | Allocations: 4716)


Started GET "/customrs" for ::1 at 2022-05-24 17:54:05 +0530
Processing by CustomrsController#index as HTML
  Rendering layout layouts/application.html.erb
  Rendering customrs/index.html.erb within layouts/application
  [1m[36mCustomr Load (0.3ms)[0m  [1m[34mSELECT "customrs".* FROM "customrs"[0m
  ↳ app/views/customrs/index.html.erb:6
  Rendered customrs/_customr.html.erb (Duration: 0.2ms | Allocations: 35)
  Rendered customrs/_customr.html.erb (Duration: 0.2ms | Allocations: 34)
  Rendered customrs/index.html.erb within layouts/application (Duration: 4.0ms | Allocations: 1058)
  Rendered layout layouts/application.html.erb (Duration: 7.1ms | Allocations: 3264)
Completed 200 OK in 9ms (Views: 8.1ms | ActiveRecord: 0.3ms | Allocations: 3598)


Started GET "/customrs/new" for ::1 at 2022-05-24 17:54:07 +0530
Processing by CustomrsController#new as HTML
  Rendering layout layouts/application.html.erb
  Rendering customrs/new.html.erb within layouts/application
  Rendered customrs/_form.html.erb (Duration: 1.3ms | Allocations: 1476)
  Rendered customrs/new.html.erb within layouts/application (Duration: 1.5ms | Allocations: 1578)
  Rendered layout layouts/application.html.erb (Duration: 3.6ms | Allocations: 3771)
Completed 200 OK in 5ms (Views: 4.1ms | ActiveRecord: 0.0ms | Allocations: 4109)


Started GET "/customrs" for ::1 at 2022-05-24 17:54:08 +0530
Processing by CustomrsController#index as HTML
  Rendering layout layouts/application.html.erb
  Rendering customrs/index.html.erb within layouts/application
  [1m[36mCustomr Load (0.5ms)[0m  [1m[34mSELECT "customrs".* FROM "customrs"[0m
  ↳ app/views/customrs/index.html.erb:6
  Rendered customrs/_customr.html.erb (Duration: 0.1ms | Allocations: 35)
  Rendered customrs/_customr.html.erb (Duration: 0.0ms | Allocations: 34)
  Rendered customrs/index.html.erb within layouts/application (Duration: 2.4ms | Allocations: 1062)
  Rendered layout layouts/application.html.erb (Duration: 4.1ms | Allocations: 3268)
Completed 200 OK in 5ms (Views: 4.0ms | ActiveRecord: 0.5ms | Allocations: 3602)


Started GET "/customrs/2" for ::1 at 2022-05-24 17:54:18 +0530
Processing by CustomrsController#show as HTML
  Parameters: {"id"=>"2"}
  [1m[36mCustomr Load (0.3ms)[0m  [1m[34mSELECT "customrs".* FROM "customrs" WHERE "customrs"."id" = $1 LIMIT $2[0m  [["id", 2], ["LIMIT", 1]]
  ↳ app/controllers/customrs_controller.rb:63:in `set_customr'
  Rendering layout layouts/application.html.erb
  Rendering customrs/show.html.erb within layouts/application
  Rendered customrs/_customr.html.erb (Duration: 0.2ms | Allocations: 35)
  Rendered customrs/show.html.erb within layouts/application (Duration: 1.6ms | Allocations: 619)
  Rendered layout layouts/application.html.erb (Duration: 10.1ms | Allocations: 2804)
Completed 200 OK in 14ms (Views: 10.9ms | ActiveRecord: 0.3ms | Allocations: 3612)


Started GET "/customrs/2/edit" for ::1 at 2022-05-24 17:54:19 +0530
Processing by CustomrsController#edit as HTML
  Parameters: {"id"=>"2"}
  [1m[36mCustomr Load (0.1ms)[0m  [1m[34mSELECT "customrs".* FROM "customrs" WHERE "customrs"."id" = $1 LIMIT $2[0m  [["id", 2], ["LIMIT", 1]]
  ↳ app/controllers/customrs_controller.rb:63:in `set_customr'
  Rendering layout layouts/application.html.erb
  Rendering customrs/edit.html.erb within layouts/application
  Rendered customrs/_form.html.erb (Duration: 1.4ms | Allocations: 1583)
  Rendered customrs/edit.html.erb within layouts/application (Duration: 1.6ms | Allocations: 1721)
  Rendered layout layouts/application.html.erb (Duration: 3.4ms | Allocations: 3921)
Completed 200 OK in 5ms (Views: 3.7ms | ActiveRecord: 0.1ms | Allocations: 4728)


Started GET "/customrs" for ::1 at 2022-05-24 17:54:23 +0530
Processing by CustomrsController#index as HTML
  Rendering layout layouts/application.html.erb
  Rendering customrs/index.html.erb within layouts/application
  [1m[36mCustomr Load (0.2ms)[0m  [1m[34mSELECT "customrs".* FROM "customrs"[0m
  ↳ app/views/customrs/index.html.erb:6
  Rendered customrs/_customr.html.erb (Duration: 0.1ms | Allocations: 35)
  Rendered customrs/_customr.html.erb (Duration: 0.1ms | Allocations: 34)
  Rendered customrs/index.html.erb within layouts/application (Duration: 1.9ms | Allocations: 1056)
  Rendered layout layouts/application.html.erb (Duration: 4.4ms | Allocations: 3265)
Completed 200 OK in 5ms (Views: 4.8ms | ActiveRecord: 0.2ms | Allocations: 3599)


Started GET "/customrs/1" for ::1 at 2022-05-24 17:54:28 +0530
Processing by CustomrsController#show as HTML
  Parameters: {"id"=>"1"}
  [1m[36mCustomr Load (0.1ms)[0m  [1m[34mSELECT "customrs".* FROM "customrs" WHERE "customrs"."id" = $1 LIMIT $2[0m  [["id", 1], ["LIMIT", 1]]
  ↳ app/controllers/customrs_controller.rb:63:in `set_customr'
  Rendering layout layouts/application.html.erb
  Rendering customrs/show.html.erb within layouts/application
  Rendered customrs/_customr.html.erb (Duration: 0.1ms | Allocations: 35)
  Rendered customrs/show.html.erb within layouts/application (Duration: 0.9ms | Allocations: 597)
  Rendered layout layouts/application.html.erb (Duration: 2.9ms | Allocations: 2787)
Completed 200 OK in 4ms (Views: 3.3ms | ActiveRecord: 0.1ms | Allocations: 3594)


Started DELETE "/customrs/1" for ::1 at 2022-05-24 17:54:30 +0530
Processing by CustomrsController#destroy as TURBO_STREAM
  Parameters: {"authenticity_token"=>"[FILTERED]", "id"=>"1"}
  [1m[36mCustomr Load (0.1ms)[0m  [1m[34mSELECT "customrs".* FROM "customrs" WHERE "customrs"."id" = $1 LIMIT $2[0m  [["id", 1], ["LIMIT", 1]]
  ↳ app/controllers/customrs_controller.rb:63:in `set_customr'
  [1m[36mTRANSACTION (0.1ms)[0m  [1m[35mBEGIN[0m
  ↳ app/controllers/customrs_controller.rb:52:in `destroy'
  [1m[36mCustomr Destroy (0.1ms)[0m  [1m[31mDELETE FROM "customrs" WHERE "customrs"."id" = $1[0m  [["id", 1]]
  ↳ app/controllers/customrs_controller.rb:52:in `destroy'
  [1m[36mTRANSACTION (6.6ms)[0m  [1m[35mCOMMIT[0m
  ↳ app/controllers/customrs_controller.rb:52:in `destroy'
Redirected to http://localhost:3000/customrs
Completed 302 Found in 11ms (ActiveRecord: 6.9ms | Allocations: 2377)


Started GET "/customrs" for ::1 at 2022-05-24 17:54:30 +0530
Processing by CustomrsController#index as TURBO_STREAM
  Rendering layout layouts/application.html.erb
  Rendering customrs/index.html.erb within layouts/application
  [1m[36mCustomr Load (0.1ms)[0m  [1m[34mSELECT "customrs".* FROM "customrs"[0m
  ↳ app/views/customrs/index.html.erb:6
  Rendered customrs/_customr.html.erb (Duration: 0.1ms | Allocations: 35)
  Rendered customrs/index.html.erb within layouts/application (Duration: 1.7ms | Allocations: 951)
  Rendered layout layouts/application.html.erb (Duration: 3.3ms | Allocations: 3157)
Completed 200 OK in 4ms (Views: 3.4ms | ActiveRecord: 0.1ms | Allocations: 3494)


Started GET "/customrs/2" for ::1 at 2022-05-24 17:54:32 +0530
Processing by CustomrsController#show as HTML
  Parameters: {"id"=>"2"}
  [1m[36mCustomr Load (0.3ms)[0m  [1m[34mSELECT "customrs".* FROM "customrs" WHERE "customrs"."id" = $1 LIMIT $2[0m  [["id", 2], ["LIMIT", 1]]
  ↳ app/controllers/customrs_controller.rb:63:in `set_customr'
  Rendering layout layouts/application.html.erb
  Rendering customrs/show.html.erb within layouts/application
  Rendered customrs/_customr.html.erb (Duration: 0.2ms | Allocations: 35)
  Rendered customrs/show.html.erb within layouts/application (Duration: 2.0ms | Allocations: 591)
  Rendered layout layouts/application.html.erb (Duration: 6.8ms | Allocations: 2776)
Completed 200 OK in 11ms (Views: 7.9ms | ActiveRecord: 0.3ms | Allocations: 3583)


Started DELETE "/customrs/2" for ::1 at 2022-05-24 17:54:32 +0530
Processing by CustomrsController#destroy as TURBO_STREAM
  Parameters: {"authenticity_token"=>"[FILTERED]", "id"=>"2"}
  [1m[36mCustomr Load (0.2ms)[0m  [1m[34mSELECT "customrs".* FROM "customrs" WHERE "customrs"."id" = $1 LIMIT $2[0m  [["id", 2], ["LIMIT", 1]]
  ↳ app/controllers/customrs_controller.rb:63:in `set_customr'
  [1m[36mTRANSACTION (0.1ms)[0m  [1m[35mBEGIN[0m
  ↳ app/controllers/customrs_controller.rb:52:in `destroy'
  [1m[36mCustomr Destroy (0.2ms)[0m  [1m[31mDELETE FROM "customrs" WHERE "customrs"."id" = $1[0m  [["id", 2]]
  ↳ app/controllers/customrs_controller.rb:52:in `destroy'
  [1m[36mTRANSACTION (1.2ms)[0m  [1m[35mCOMMIT[0m
  ↳ app/controllers/customrs_controller.rb:52:in `destroy'
Redirected to http://localhost:3000/customrs
Completed 302 Found in 5ms (ActiveRecord: 1.8ms | Allocations: 2274)


Started GET "/customrs" for ::1 at 2022-05-24 17:54:32 +0530
Processing by CustomrsController#index as TURBO_STREAM
  Rendering layout layouts/application.html.erb
  Rendering customrs/index.html.erb within layouts/application
  [1m[36mCustomr Load (0.1ms)[0m  [1m[34mSELECT "customrs".* FROM "customrs"[0m
  ↳ app/views/customrs/index.html.erb:6
  Rendered customrs/index.html.erb within layouts/application (Duration: 1.1ms | Allocations: 766)
  Rendered layout layouts/application.html.erb (Duration: 2.6ms | Allocations: 2972)
Completed 200 OK in 3ms (Views: 2.7ms | ActiveRecord: 0.1ms | Allocations: 3309)


